Log file open, 01/26/19 10:29:19
LogWindows: Failed to load 'aqProf.dll' (GetLastError=126)
LogWindows: File 'aqProf.dll' does not exist
LogWindows: Failed to load 'VtuneApi.dll' (GetLastError=126)
LogWindows: File 'VtuneApi.dll' does not exist
LogWindows: Failed to load 'VtuneApi32e.dll' (GetLastError=126)
LogWindows: File 'VtuneApi32e.dll' does not exist
LogInit: Display: Running engine for game: SuperNormal
LogPlatformFile: Not using cached read wrapper
LogInit: Display: RandInit(-1604907056) SRandInit(-1604907056).
LogInit: Read version file with build ID '3944462'
LogInit: Overriding engine version to CL 4033788, compatible CL 3944462
LogInit: Registered custom module enumerator with build ID '3944462'
LogTaskGraph: Started task graph with 5 named threads and 23 total threads with 3 sets of task threads.
LogStats: Stats thread started at 0.267021
LogD3D11RHI: Aftermath initialized
LogICUInternationalization: Display: ICU TimeZone Detection - Raw Offset: +12:00, Platform Override: ''
LogModuleManager: Display: Found up-to-date module file ../../../Engine/Plugins/2D/Paper2D/Binaries/Win64/UE4Editor-Paper2D.dll (API version 3944462).
LogModuleManager: Display: Found up-to-date module file ../../../Engine/Plugins/2D/Paper2D/Binaries/Win64/UE4Editor-Paper2DEditor.dll (API version 3944462).
LogModuleManager: Display: Found up-to-date module file ../../../Engine/Plugins/2D/Paper2D/Binaries/Win64/UE4Editor-PaperSpriteSheetImporter.dll (API version 3944462).
LogModuleManager: Display: Found up-to-date module file ../../../Engine/Plugins/2D/Paper2D/Binaries/Win64/UE4Editor-PaperTiledImporter.dll (API version 3944462).
LogModuleManager: Display: Found up-to-date module file ../../../Engine/Plugins/2D/Paper2D/Binaries/Win64/UE4Editor-SmartSnapping.dll (API version 3944462).
LogModuleManager: Display: Found up-to-date module file ../../../Engine/Plugins/Blendables/LightPropagationVolume/Binaries/Win64/UE4Editor-LightPropagationVolumeRuntime.dll (API version 3944462).
LogModuleManager: Display: Found up-to-date module file ../../../Engine/Plugins/Blendables/LightPropagationVolume/Binaries/Win64/UE4Editor-LightPropagationVolumeEditor.dll (API version 3944462).
LogModuleManager: Display: Found up-to-date module file ../../../Engine/Plugins/Developer/CLionSourceCodeAccess/Binaries/Win64/UE4Editor-CLionSourceCodeAccess.dll (API version 3944462).
LogModuleManager: Display: Found up-to-date module file ../../../Engine/Plugins/Developer/GitSourceControl/Binaries/Win64/UE4Editor-GitSourceControl.dll (API version 3944462).
LogModuleManager: Display: Found up-to-date module file ../../../Engine/Plugins/Developer/PerforceSourceControl/Binaries/Win64/UE4Editor-PerforceSourceControl.dll (API version 3944462).
LogModuleManager: Display: Found up-to-date module file ../../../Engine/Plugins/Developer/SubversionSourceControl/Binaries/Win64/UE4Editor-SubversionSourceControl.dll (API version 3944462).
LogModuleManager: Display: Found up-to-date module file ../../../Engine/Plugins/Developer/UObjectPlugin/Binaries/Win64/UE4Editor-UObjectPlugin.dll (API version 3944462).
LogModuleManager: Display: Found up-to-date module file ../../../Engine/Plugins/Developer/VisualStudioCodeSourceCodeAccess/Binaries/Win64/UE4Editor-VisualStudioCodeSourceCodeAccess.dll (API version 3944462).
LogModuleManager: Display: Found up-to-date module file ../../../Engine/Plugins/Developer/VisualStudioSourceCodeAccess/Binaries/Win64/UE4Editor-VisualStudioSourceCodeAccess.dll (API version 3944462).
LogModuleManager: Display: Found up-to-date module file ../../../Engine/Plugins/Editor/AssetManagerEditor/Binaries/Win64/UE4Editor-AssetManagerEditor.dll (API version 3944462).
LogModuleManager: Display: Found up-to-date module file ../../../Engine/Plugins/Editor/CryptoKeys/Binaries/Win64/UE4Editor-CryptoKeys.dll (API version 3944462).
LogModuleManager: Display: Found up-to-date module file ../../../Engine/Plugins/Editor/CryptoKeys/Binaries/Win64/UE4Editor-CryptoKeysOpenSSL.dll (API version 3944462).
LogModuleManager: Display: Found up-to-date module file ../../../Engine/Plugins/Editor/DataValidation/Binaries/Win64/UE4Editor-DataValidation.dll (API version 3944462).
LogModuleManager: Display: Found up-to-date module file ../../../Engine/Plugins/Editor/FacialAnimation/Binaries/Win64/UE4Editor-FacialAnimation.dll (API version 3944462).
LogModuleManager: Display: Found up-to-date module file ../../../Engine/Plugins/Editor/FacialAnimation/Binaries/Win64/UE4Editor-FacialAnimationEditor.dll (API version 3944462).
LogModuleManager: Display: Found up-to-date module file ../../../Engine/Plugins/Editor/GameplayTagsEditor/Binaries/Win64/UE4Editor-GameplayTagsEditor.dll (API version 3944462).
LogModuleManager: Display: Found up-to-date module file ../../../Engine/Plugins/Editor/MobileLauncherProfileWizard/Binaries/Win64/UE4Editor-MobileLauncherProfileWizard.dll (API version 3944462).
LogModuleManager: Display: Found up-to-date module file ../../../Engine/Plugins/Editor/PluginBrowser/Binaries/Win64/UE4Editor-PluginBrowser.dll (API version 3944462).
LogModuleManager: Display: Found up-to-date module file ../../../Engine/Plugins/Editor/SpeedTreeImporter/Binaries/Win64/UE4Editor-SpeedTreeImporter.dll (API version 3944462).
LogModuleManager: Display: Found up-to-date module file ../../../Engine/Plugins/Enterprise/DatasmithContent/Binaries/Win64/UE4Editor-DatasmithContent.dll (API version 3944462).
LogModuleManager: Display: Found up-to-date module file ../../../Engine/Plugins/Experimental/AlembicImporter/Binaries/Win64/UE4Editor-AlembicImporter.dll (API version 3944462).
LogModuleManager: Display: Found up-to-date module file ../../../Engine/Plugins/Experimental/AlembicImporter/Binaries/Win64/UE4Editor-AlembicLibrary.dll (API version 3944462).
LogModuleManager: Display: Found up-to-date module file ../../../Engine/Plugins/Experimental/CharacterAI/Binaries/Win64/UE4Editor-CharacterAI.dll (API version 3944462).
LogModuleManager: Display: Found up-to-date module file ../../../Engine/Plugins/Experimental/HTML5Networking/Binaries/Win64/UE4Editor-HTML5Networking.dll (API version 3944462).
LogModuleManager: Display: Found up-to-date module file ../../../Engine/Plugins/Media/AndroidMedia/Binaries/Win64/UE4Editor-AndroidMediaEditor.dll (API version 3944462).
LogModuleManager: Display: Found up-to-date module file ../../../Engine/Plugins/Media/AndroidMedia/Binaries/Win64/UE4Editor-AndroidMediaFactory.dll (API version 3944462).
LogModuleManager: Display: Found up-to-date module file ../../../Engine/Plugins/Media/AvfMedia/Binaries/Win64/UE4Editor-AvfMediaEditor.dll (API version 3944462).
LogModuleManager: Display: Found up-to-date module file ../../../Engine/Plugins/Media/AvfMedia/Binaries/Win64/UE4Editor-AvfMediaFactory.dll (API version 3944462).
LogModuleManager: Display: Found up-to-date module file ../../../Engine/Plugins/Media/AvfMedia/Binaries/Win64/UE4Editor-AvfMediaFactory.dll (API version 3944462).
LogModuleManager: Display: Found up-to-date module file ../../../Engine/Plugins/Media/ImgMedia/Binaries/Win64/UE4Editor-ImgMedia.dll (API version 3944462).
LogModuleManager: Display: Found up-to-date module file ../../../Engine/Plugins/Media/ImgMedia/Binaries/Win64/UE4Editor-ImgMediaEditor.dll (API version 3944462).
LogModuleManager: Display: Found up-to-date module file ../../../Engine/Plugins/Media/ImgMedia/Binaries/Win64/UE4Editor-ImgMediaFactory.dll (API version 3944462).
LogModuleManager: Display: Found up-to-date module file ../../../Engine/Plugins/Media/ImgMedia/Binaries/Win64/UE4Editor-ImgMediaFactory.dll (API version 3944462).
LogModuleManager: Display: Found up-to-date module file ../../../Engine/Plugins/Media/ImgMedia/Binaries/Win64/UE4Editor-OpenExrWrapper.dll (API version 3944462).
LogModuleManager: Display: Found up-to-date module file ../../../Engine/Plugins/Media/LinearTimecode/Binaries/Win64/UE4Editor-LinearTimecode.dll (API version 3944462).
LogModuleManager: Display: Found up-to-date module file ../../../Engine/Plugins/Media/MediaCompositing/Binaries/Win64/UE4Editor-MediaCompositing.dll (API version 3944462).
LogModuleManager: Display: Found up-to-date module file ../../../Engine/Plugins/Media/MediaCompositing/Binaries/Win64/UE4Editor-MediaCompositingEditor.dll (API version 3944462).
LogModuleManager: Display: Found up-to-date module file ../../../Engine/Plugins/Media/MediaPlayerEditor/Binaries/Win64/UE4Editor-MediaPlayerEditor.dll (API version 3944462).
LogModuleManager: Display: Found up-to-date module file ../../../Engine/Plugins/Media/WmfMedia/Binaries/Win64/UE4Editor-WmfMedia.dll (API version 3944462).
LogModuleManager: Display: Found up-to-date module file ../../../Engine/Plugins/Media/WmfMedia/Binaries/Win64/UE4Editor-WmfMediaEditor.dll (API version 3944462).
LogModuleManager: Display: Found up-to-date module file ../../../Engine/Plugins/Media/WmfMedia/Binaries/Win64/UE4Editor-WmfMediaFactory.dll (API version 3944462).
LogModuleManager: Display: Found up-to-date module file ../../../Engine/Plugins/Media/WmfMedia/Binaries/Win64/UE4Editor-WmfMediaFactory.dll (API version 3944462).
LogModuleManager: Display: Found up-to-date module file ../../../Engine/Plugins/Messaging/TcpMessaging/Binaries/Win64/UE4Editor-TcpMessaging.dll (API version 3944462).
LogModuleManager: Display: Found up-to-date module file ../../../Engine/Plugins/Messaging/UdpMessaging/Binaries/Win64/UE4Editor-UdpMessaging.dll (API version 3944462).
LogModuleManager: Display: Found up-to-date module file ../../../Engine/Plugins/MovieScene/ActorSequence/Binaries/Win64/UE4Editor-ActorSequence.dll (API version 3944462).
LogModuleManager: Display: Found up-to-date module file ../../../Engine/Plugins/MovieScene/LevelSequenceEditor/Binaries/Win64/UE4Editor-LevelSequenceEditor.dll (API version 3944462).
LogModuleManager: Display: Found up-to-date module file ../../../Engine/Plugins/MovieScene/MatineeToLevelSequence/Binaries/Win64/UE4Editor-MatineeToLevelSequence.dll (API version 3944462).
LogModuleManager: Display: Found up-to-date module file ../../../Engine/Plugins/NetcodeUnitTest/NetcodeUnitTest/Binaries/Win64/UE4Editor-NetcodeUnitTest.dll (API version 3944462).
LogModuleManager: Display: Found up-to-date module file ../../../Engine/Plugins/NetcodeUnitTest/NUTUnrealEngine4/Binaries/Win64/UE4Editor-NUTUnrealEngine4.dll (API version 3944462).
LogModuleManager: Display: Found up-to-date module file ../../../Engine/Plugins/Online/OnlineSubsystem/Binaries/Win64/UE4Editor-OnlineSubsystem.dll (API version 3944462).
LogModuleManager: Display: Found up-to-date module file ../../../Engine/Plugins/Runtime/AndroidPermission/Binaries/Win64/UE4Editor-AndroidPermission.dll (API version 3944462).
LogModuleManager: Display: Found up-to-date module file ../../../Engine/Plugins/Online/OnlineSubsystemNull/Binaries/Win64/UE4Editor-OnlineSubsystemNull.dll (API version 3944462).
LogModuleManager: Display: Found up-to-date module file ../../../Engine/Plugins/Online/OnlineSubsystemUtils/Binaries/Win64/UE4Editor-OnlineSubsystemUtils.dll (API version 3944462).
LogModuleManager: Display: Found up-to-date module file ../../../Engine/Plugins/Online/OnlineSubsystemUtils/Binaries/Win64/UE4Editor-OnlineBlueprintSupport.dll (API version 3944462).
LogModuleManager: Display: Found up-to-date module file ../../../Engine/Plugins/Runtime/AndroidDeviceProfileSelector/Binaries/Win64/UE4Editor-AndroidDeviceProfileSelector.dll (API version 3944462).
LogModuleManager: Display: Found up-to-date module file ../../../Engine/Plugins/Runtime/AppleARKit/Binaries/Win64/UE4Editor-AppleARKit.dll (API version 3944462).
LogModuleManager: Display: Found up-to-date module file ../../../Engine/Plugins/Runtime/ProceduralMeshComponent/Binaries/Win64/UE4Editor-ProceduralMeshComponent.dll (API version 3944462).
LogModuleManager: Display: Found up-to-date module file ../../../Engine/Plugins/Runtime/ProceduralMeshComponent/Binaries/Win64/UE4Editor-ProceduralMeshComponentEditor.dll (API version 3944462).
LogModuleManager: Display: Found up-to-date module file ../../../Engine/Plugins/Animation/LiveLink/Binaries/Win64/UE4Editor-LiveLink.dll (API version 3944462).
LogModuleManager: Display: Found up-to-date module file ../../../Engine/Plugins/Animation/LiveLink/Binaries/Win64/UE4Editor-LiveLinkEditor.dll (API version 3944462).
LogModuleManager: Display: Found up-to-date module file ../../../Engine/Plugins/Runtime/ArchVisCharacter/Binaries/Win64/UE4Editor-ArchVisCharacter.dll (API version 3944462).
LogModuleManager: Display: Found up-to-date module file ../../../Engine/Plugins/Runtime/AudioCapture/Binaries/Win64/UE4Editor-AudioCapture.dll (API version 3944462).
LogModuleManager: Display: Found up-to-date module file ../../../Engine/Plugins/Runtime/AudioCapture/Binaries/Win64/UE4Editor-AudioCaptureEditor.dll (API version 3944462).
LogModuleManager: Display: Found up-to-date module file ../../../Engine/Plugins/Runtime/CableComponent/Binaries/Win64/UE4Editor-CableComponent.dll (API version 3944462).
LogModuleManager: Display: Found up-to-date module file ../../../Engine/Plugins/Runtime/CustomMeshComponent/Binaries/Win64/UE4Editor-CustomMeshComponent.dll (API version 3944462).
LogModuleManager: Display: Found up-to-date module file ../../../Engine/Plugins/Runtime/ExampleDeviceProfileSelector/Binaries/Win64/UE4Editor-ExampleDeviceProfileSelector.dll (API version 3944462).
LogModuleManager: Display: Found up-to-date module file ../../../Engine/Plugins/Runtime/ImmediatePhysics/Binaries/Win64/UE4Editor-ImmediatePhysics.dll (API version 3944462).
LogModuleManager: Display: Found up-to-date module file ../../../Engine/Plugins/Runtime/ImmediatePhysics/Binaries/Win64/UE4Editor-ImmediatePhysicsEditor.dll (API version 3944462).
LogModuleManager: Display: Found up-to-date module file ../../../Engine/Plugins/Runtime/LocationServicesBPLibrary/Binaries/Win64/UE4Editor-LocationServicesBPLibrary.dll (API version 3944462).
LogModuleManager: Display: Found up-to-date module file ../../../Engine/Plugins/Runtime/MobilePatchingUtils/Binaries/Win64/UE4Editor-MobilePatchingUtils.dll (API version 3944462).
LogModuleManager: Display: Found up-to-date module file ../../../Engine/Plugins/Runtime/Oculus/OculusVR/Binaries/Win64/UE4Editor-OculusHMD.dll (API version 3944462).
LogModuleManager: Display: Found up-to-date module file ../../../Engine/Plugins/Runtime/Oculus/OculusVR/Binaries/Win64/UE4Editor-OculusInput.dll (API version 3944462).
LogModuleManager: Display: Found up-to-date module file ../../../Engine/Plugins/Runtime/Oculus/OculusVR/Binaries/Win64/UE4Editor-OculusEditor.dll (API version 3944462).
LogModuleManager: Display: Found up-to-date module file ../../../Engine/Plugins/Runtime/PhysXVehicles/Binaries/Win64/UE4Editor-PhysXVehicles.dll (API version 3944462).
LogModuleManager: Display: Found up-to-date module file ../../../Engine/Plugins/Runtime/PhysXVehicles/Binaries/Win64/UE4Editor-PhysXVehiclesEditor.dll (API version 3944462).
LogModuleManager: Display: Found up-to-date module file ../../../Engine/Plugins/Runtime/RuntimePhysXCooking/Binaries/Win64/UE4Editor-RuntimePhysXCooking.dll (API version 3944462).
LogModuleManager: Display: Found up-to-date module file ../../../Engine/Plugins/Runtime/Steam/SteamVR/Binaries/Win64/UE4Editor-SteamVR.dll (API version 3944462).
LogModuleManager: Display: Found up-to-date module file ../../../Engine/Plugins/Runtime/Steam/SteamVR/Binaries/Win64/UE4Editor-SteamVRController.dll (API version 3944462).
LogModuleManager: Display: Found up-to-date module file ../../../Engine/Plugins/Runtime/WindowsMoviePlayer/Binaries/Win64/UE4Editor-WindowsMoviePlayer.dll (API version 3944462).
LogPluginManager: Mounting plugin Paper2D
LogPluginManager: Mounting plugin LiveLink
LogPluginManager: Mounting plugin LightPropagationVolume
LogPluginManager: Mounting plugin CLionSourceCodeAccess
LogPluginManager: Mounting plugin CodeLiteSourceCodeAccess
LogPluginManager: Mounting plugin GitSourceControl
LogPluginManager: Mounting plugin KDevelopSourceCodeAccess
LogPluginManager: Mounting plugin NullSourceCodeAccess
LogPluginManager: Mounting plugin PerforceSourceControl
LogPluginManager: Mounting plugin SubversionSourceControl
LogPluginManager: Mounting plugin UObjectPlugin
LogPluginManager: Mounting plugin VisualStudioCodeSourceCodeAccess
LogPluginManager: Mounting plugin VisualStudioSourceCodeAccess
LogPluginManager: Mounting plugin XCodeSourceCodeAccess
LogPluginManager: Mounting plugin AssetManagerEditor
LogPluginManager: Mounting plugin CryptoKeys
LogPluginManager: Mounting plugin DataValidation
LogPluginManager: Mounting plugin FacialAnimation
LogPluginManager: Mounting plugin GameplayTagsEditor
LogPluginManager: Mounting plugin MobileLauncherProfileWizard
LogPluginManager: Mounting plugin PluginBrowser
LogPluginManager: Mounting plugin SpeedTreeImporter
LogPluginManager: Mounting plugin DatasmithContent
LogPluginManager: Mounting plugin AlembicImporter
LogPluginManager: Mounting plugin CharacterAI
LogPluginManager: Mounting plugin HTML5Networking
LogPluginManager: Mounting plugin AndroidMedia
LogPluginManager: Mounting plugin AvfMedia
LogPluginManager: Mounting plugin ImgMedia
LogPluginManager: Mounting plugin LinearTimecode
LogPluginManager: Mounting plugin MediaCompositing
LogPluginManager: Mounting plugin MediaPlayerEditor
LogPluginManager: Mounting plugin WmfMedia
LogPluginManager: Mounting plugin TcpMessaging
LogPluginManager: Mounting plugin UdpMessaging
LogPluginManager: Mounting plugin ActorSequence
LogPluginManager: Mounting plugin LevelSequenceEditor
LogPluginManager: Mounting plugin MatineeToLevelSequence
LogPluginManager: Mounting plugin NetcodeUnitTest
LogPluginManager: Mounting plugin NUTUnrealEngine4
LogPluginManager: Mounting plugin OnlineSubsystemGooglePlay
LogPluginManager: Mounting plugin OnlineSubsystemIOS
LogPluginManager: Mounting plugin OnlineSubsystem
LogPluginManager: Mounting plugin OnlineSubsystemNull
LogPluginManager: Mounting plugin OnlineSubsystemUtils
LogPluginManager: Mounting plugin AndroidDeviceProfileSelector
LogPluginManager: Mounting plugin AndroidMoviePlayer
LogPluginManager: Mounting plugin AndroidPermission
LogPluginManager: Mounting plugin AppleARKit
LogPluginManager: Mounting plugin AppleMoviePlayer
LogPluginManager: Mounting plugin ArchVisCharacter
LogPluginManager: Mounting plugin AudioCapture
LogPluginManager: Mounting plugin CableComponent
LogPluginManager: Mounting plugin CustomMeshComponent
LogPluginManager: Mounting plugin ExampleDeviceProfileSelector
LogPluginManager: Mounting plugin GoogleCloudMessaging
LogPluginManager: Mounting plugin ImmediatePhysics
LogPluginManager: Mounting plugin IOSDeviceProfileSelector
LogPluginManager: Mounting plugin LinuxDeviceProfileSelector
LogPluginManager: Mounting plugin LocationServicesBPLibrary
LogPluginManager: Mounting plugin MobilePatchingUtils
LogPluginManager: Mounting plugin OculusVR
LogPluginManager: Plugin shader directory ../../../Engine/Plugins/Runtime/Oculus/OculusVR/Shaders found
LogPluginManager: Mapping shader source directory ../../../Engine/Plugins/Runtime/Oculus/OculusVR/Shaders to virtual directory /Plugin/OculusVR
LogPluginManager: Mounting plugin PhysXVehicles
LogPluginManager: Mounting plugin ProceduralMeshComponent
LogPluginManager: Mounting plugin RuntimePhysXCooking
LogPluginManager: Mounting plugin SteamVR
LogPluginManager: Mounting plugin WindowsMoviePlayer
LogStreaming: Display: Took  0.707s to configure plugins.
LogInit: Using libcurl 7.47.1
LogInit:  - built for x86_64-pc-win32
LogInit:  - supports SSL with OpenSSL/1.0.2g
LogInit:  - supports HTTP deflate (compression) using libz 1.2.8
LogInit:  - other features:
LogInit:      CURL_VERSION_SSL
LogInit:      CURL_VERSION_LIBZ
LogInit:      CURL_VERSION_IPV6
LogInit:      CURL_VERSION_ASYNCHDNS
LogInit:      CURL_VERSION_LARGEFILE
LogInit:      CURL_VERSION_IDN
LogInit:  CurlRequestOptions (configurable via config and command line):
LogInit:  - bVerifyPeer = false  - Libcurl will NOT verify peer certificate
LogInit:  - bUseHttpProxy = false  - Libcurl will NOT use HTTP proxy
LogInit:  - bDontReuseConnections = false  - Libcurl will reuse connections
LogInit:  - CertBundlePath = nullptr  - Libcurl will use whatever was configured at build time.
LogInit:  - MaxHostConnections = 16  - Libcurl will limit the number of connections to a host
LogInit:  - LocalHostAddr = Default
LogInit: WinSock: version 1.1 (2.2), MaxSocks=32767, MaxUdp=65467
LogInit: WinSock: I am 1805C007 (10.18.0.138:0)
LogHMD: Failed initializing OVRPlugin 1.21.0
LogInit: Build: ++UE4+Release-4.19-CL-4033788
LogInit: Engine Version: 4.19.2-4033788+++UE4+Release-4.19
LogInit: Compatible Engine Version: 4.19.0-3944462+++UE4+Release-4.19
LogInit: Net CL: 3944462
LogDevObjectVersion: Number of dev versions registered: 18
LogDevObjectVersion:   Dev-Blueprints (B0D832E4-1F89-4F0D-ACCF-7EB736FD4AA2): 10
LogDevObjectVersion:   Dev-Build (E1C64328-A22C-4D53-A36C-8E866417BD8C): 0
LogDevObjectVersion:   Dev-Core (375EC13C-06E4-48FB-B500-84F0262A717E): 2
LogDevObjectVersion:   Dev-Editor (E4B068ED-F494-42E9-A231-DA0B2E46BB41): 23
LogDevObjectVersion:   Dev-Framework (CFFC743F-43B0-4480-9391-14DF171D2073): 33
LogDevObjectVersion:   Dev-Mobile (B02B49B5-BB20-44E9-A304-32B752E40360): 2
LogDevObjectVersion:   Dev-Networking (A4E4105C-59A1-49B5-A7C5-40C4547EDFEE): 0
LogDevObjectVersion:   Dev-Online (39C831C9-5AE6-47DC-9A44-9C173E1C8E7C): 0
LogDevObjectVersion:   Dev-Physics (78F01B33-EBEA-4F98-B9B4-84EACCB95AA2): 0
LogDevObjectVersion:   Dev-Platform (6631380F-2D4D-43E0-8009-CF276956A95A): 0
LogDevObjectVersion:   Dev-Rendering (12F88B9F-8875-4AFC-A67C-D90C383ABD29): 25
LogDevObjectVersion:   Dev-Sequencer (7B5AE74C-D270-4C10-A958-57980B212A5A): 6
LogDevObjectVersion:   Dev-VR (D7296918-1DD6-4BDD-9DE2-64A83CC13884): 1
LogDevObjectVersion:   Dev-LoadTimes (C2A15278-BFE7-4AFE-6C17-90FF531DF755): 1
LogDevObjectVersion:   Private-Geometry (6EACA3D4-40EC-4CC1-B786-8BED09428FC5): 2
LogDevObjectVersion:   Dev-AnimPhys (29E575DD-E0A3-4627-9D10-D276232CDCEA): 16
LogDevObjectVersion:   Dev-ReflectionCapture (6B266CEC-1EC7-4B8F-A30B-E4D90942FC07): 1
LogDevObjectVersion:   Dev-Automation (0DF73D61-A23F-47EA-B727-89E90C41499A): 1
LogInit: Compiled (64-bit): Apr 27 2018 02:06:57
LogInit: Compiled with Visual C++: 19.00.24215.01
LogInit: Build Configuration: Development
LogInit: Branch Name: ++UE4+Release-4.19
LogInit: Command Line:  
LogInit: Base Directory: D:/Users/Zane.bro6938/Documents/UnrealEngine/UE_4.19/Engine/Binaries/Win64/
LogInit: Installed Engine Build: 1
LogStreaming: Display: Took  0.000s to delete old logs.
LogInit: Presizing for max 8388607 objects, including 0 objects not considered by GC, pre-allocating 0 bytes for permanent pool.
LogInit: Object subsystem initialized
[2019.01.25-21.29.21:031][  0]LogInit: Selected Device Profile: [Windows]
[2019.01.25-21.29.21:031][  0]LogInit: Applying CVar settings loaded from the selected device profile: [Windows]
[2019.01.25-21.29.21:041][  0]LogInit: Computer: 1805C007
[2019.01.25-21.29.21:041][  0]LogInit: User: Zanebro6938
[2019.01.25-21.29.21:041][  0]LogInit: CPU Page size=4096, Cores=4
[2019.01.25-21.29.21:041][  0]LogInit: High frequency timer resolution =3.515625 MHz
[2019.01.25-21.29.21:041][  0]LogMemory: Memory total: Physical=32.0GB (32GB approx)
[2019.01.25-21.29.21:042][  0]LogMemory: Platform Memory Stats for Windows
[2019.01.25-21.29.21:042][  0]LogMemory: Process Physical Memory: 276.36 MB used, 276.36 MB peak
[2019.01.25-21.29.21:042][  0]LogMemory: Process Virtual Memory: 268.38 MB used, 268.38 MB peak
[2019.01.25-21.29.21:042][  0]LogMemory: Physical Memory: 6541.66 MB used,  26186.09 MB free, 32727.76 MB total
[2019.01.25-21.29.21:042][  0]LogMemory: Virtual Memory: 4837.55 MB used,  26186.09 MB free, 134217728.00 MB total
[2019.01.25-21.29.21:055][  0]LogInit: Using OS detected language (en-US).
[2019.01.25-21.29.21:055][  0]LogInit: Using OS detected locale (en-NZ).
[2019.01.25-21.29.21:057][  0]LogTextLocalizationManager: No specific localization for 'en-US' exists, so the 'en' localization will be used.
[2019.01.25-21.29.21:394][  0]LogStreaming: Display: Took  0.339s to EndInitTextLocalization.
[2019.01.25-21.29.21:394][  0]LogInit: Setting process to per monitor DPI aware
[2019.01.25-21.29.21:417][  0]LogSlate: New Slate User Created.  User Index 0, Is Virtual User: 0
[2019.01.25-21.29.21:417][  0]LogSlate: Slate User Registered.  User Index 0, Is Virtual User: 0
[2019.01.25-21.29.21:588][  0]LogD3D11RHI: D3D11 adapters:
[2019.01.25-21.29.21:637][  0]LogD3D11RHI:    0. 'NVIDIA GeForce GTX 1080' (Feature Level 11_0)
[2019.01.25-21.29.21:637][  0]LogD3D11RHI:       8086/0/16363 MB DedicatedVideo/DedicatedSystem/SharedSystem, Outputs:2, VendorId:0x10de
[2019.01.25-21.29.21:639][  0]LogD3D11RHI:    1. 'Microsoft Basic Render Driver' (Feature Level 11_0)
[2019.01.25-21.29.21:639][  0]LogD3D11RHI:       0/0/16363 MB DedicatedVideo/DedicatedSystem/SharedSystem, Outputs:0, VendorId:0x1414
[2019.01.25-21.29.21:639][  0]LogD3D11RHI: Chosen D3D11 Adapter: 0
[2019.01.25-21.29.21:644][  0]LogD3D11RHI: Creating new Direct3DDevice
[2019.01.25-21.29.21:644][  0]LogD3D11RHI:     GPU DeviceId: 0x1b80 (for the marketing name, search the web for "GPU Device Id")
[2019.01.25-21.29.21:644][  0]LogWindows: EnumDisplayDevices:
[2019.01.25-21.29.21:645][  0]LogWindows:    0. 'NVIDIA GeForce GTX 1080' (P:1 D:1)
[2019.01.25-21.29.21:645][  0]LogWindows:    1. 'NVIDIA GeForce GTX 1080' (P:0 D:1)
[2019.01.25-21.29.21:645][  0]LogWindows:    2. 'NVIDIA GeForce GTX 1080' (P:0 D:0)
[2019.01.25-21.29.21:645][  0]LogWindows:    3. 'NVIDIA GeForce GTX 1080' (P:0 D:0)
[2019.01.25-21.29.21:645][  0]LogWindows:    4. 'Mirage Driver' (P:0 D:0)
[2019.01.25-21.29.21:645][  0]LogWindows: DebugString: GetVideoDriverDetailsInvalid PrimaryIsNotTheChoosenAdapter GetVideoDriverDetailsInvalid PrimaryIsNotTheChoosenAdapter GetVideoDriverDetailsInvalid PrimaryIsNotTheChoosenAdapter GetVideoDriverDetailsInvalid PrimaryIsNotTheChoosenAdapter GetVideoDriverDetailsInvalid PrimaryIsNotTheChoosenAdapter FoundDriverCount:0 
[2019.01.25-21.29.21:645][  0]LogD3D11RHI:     Adapter Name: NVIDIA GeForce GTX 1080
[2019.01.25-21.29.21:645][  0]LogD3D11RHI:   Driver Version: Unknown (internal:Unknown, unified:Unknown)
[2019.01.25-21.29.21:645][  0]LogD3D11RHI:      Driver Date: Unknown
[2019.01.25-21.29.21:645][  0]LogRHI: Texture pool is 5660 MB (70% of 8086 MB)
[2019.01.25-21.29.21:667][  0]LogD3D11RHI: [Aftermath] Aftermath enabled but failed to initialize
[2019.01.25-21.29.21:667][  0]LogD3D11RHI: [Aftermath] Aftermath enabled and primed
[2019.01.25-21.29.21:667][  0]LogD3D11RHI: Async texture creation enabled
[2019.01.25-21.29.21:679][  0]LogD3D11RHI: GPU Timing Frequency: 1000.000000 (Debug: 2 1)
[2019.01.25-21.29.21:764][  0]LogShaderCompilers: Guid format shader working directory is -1 characters bigger than the processId version (../../../../../GitHub/SuperNormal/Greybox/SuperNormal/Intermediate/Shaders/WorkingDirectory/13152/).
[2019.01.25-21.29.21:764][  0]LogShaderCompilers: Cleaned the shader compiler working directory 'D:/Users/Zane.bro6938/AppData/Local/Temp/UnrealShaderWorkingDir/E6E949734F1DB0ADE62FD1974B1D5884/'.
[2019.01.25-21.29.21:951][  0]LogTemp: Display: Loaded TP AllDesktopTargetPlatform
[2019.01.25-21.29.21:962][  0]LogTemp: Display: Loaded TP MacClientTargetPlatform
[2019.01.25-21.29.21:973][  0]LogTemp: Display: Loaded TP MacNoEditorTargetPlatform
[2019.01.25-21.29.21:983][  0]LogTemp: Display: Loaded TP MacServerTargetPlatform
[2019.01.25-21.29.21:994][  0]LogTemp: Display: Loaded TP MacTargetPlatform
[2019.01.25-21.29.22:004][  0]LogTemp: Display: Loaded TP WindowsClientTargetPlatform
[2019.01.25-21.29.22:015][  0]LogTemp: Display: Loaded TP WindowsNoEditorTargetPlatform
[2019.01.25-21.29.22:026][  0]LogTemp: Display: Loaded TP WindowsServerTargetPlatform
[2019.01.25-21.29.22:031][  0]LogTemp: Display: Loaded TP WindowsTargetPlatform
[2019.01.25-21.29.22:040][  0]LogTemp: Display: Loaded TP Android_ASTCTargetPlatform
[2019.01.25-21.29.22:049][  0]LogTemp: Display: Loaded TP Android_ATCTargetPlatform
[2019.01.25-21.29.22:059][  0]LogTemp: Display: Loaded TP Android_DXTTargetPlatform
[2019.01.25-21.29.22:068][  0]LogTemp: Display: Loaded TP Android_ETC1aTargetPlatform
[2019.01.25-21.29.22:077][  0]LogTemp: Display: Loaded TP Android_ETC1TargetPlatform
[2019.01.25-21.29.22:086][  0]LogTemp: Display: Loaded TP Android_ETC2TargetPlatform
[2019.01.25-21.29.22:104][  0]LogTemp: Display: Loaded TP Android_MultiTargetPlatform
[2019.01.25-21.29.22:105][  0]LogTemp: Display: Loaded TP Android_PVRTCTargetPlatform
[2019.01.25-21.29.22:114][  0]LogTemp: Display: Loaded TP AndroidTargetPlatform
[2019.01.25-21.29.22:115][  0]LogTemp: Display: Loaded TP HTML5TargetPlatform
[2019.01.25-21.29.22:148][  0]LogTemp: Display: Loaded TP IOSTargetPlatform
[2019.01.25-21.29.22:157][  0]LogTemp: Display: Loaded TP TVOSTargetPlatform
[2019.01.25-21.29.22:166][  0]LogTemp: Display: Loaded TP LinuxClientTargetPlatform
[2019.01.25-21.29.22:175][  0]LogTemp: Display: Loaded TP LinuxNoEditorTargetPlatform
[2019.01.25-21.29.22:184][  0]LogTemp: Display: Loaded TP LinuxServerTargetPlatform
[2019.01.25-21.29.22:194][  0]LogTemp: Display: Loaded TP LinuxTargetPlatform
[2019.01.25-21.29.22:194][  0]LogTargetPlatformManager: Display: Building Assets For Windows
[2019.01.25-21.29.22:276][  0]LogXGEController: Cannot use XGE Controller as Incredibuild is not installed on this machine.
[2019.01.25-21.29.22:276][  0]LogShaderCompilers: Cannot use XGE Shader Compiler as Incredibuild is not installed on this machine.
[2019.01.25-21.29.22:276][  0]LogShaderCompilers: Display: Using Local Shader Compiler.
[2019.01.25-21.29.22:814][  0]LogDerivedDataCache: Display: Max Cache Size: 512 MB
[2019.01.25-21.29.22:874][  0]LogDerivedDataCache: Loaded boot cache 0.06s 74MB D:/Users/Zane.bro6938/AppData/Local/UnrealEngine/4.19/DerivedDataCache/Boot.ddc.
[2019.01.25-21.29.22:874][  0]LogDerivedDataCache: Display: Loaded Boot cache: D:/Users/Zane.bro6938/AppData/Local/UnrealEngine/4.19/DerivedDataCache/Boot.ddc
[2019.01.25-21.29.22:874][  0]LogDerivedDataCache: FDerivedDataBackendGraph:  Pak pak cache file ../../../../../GitHub/SuperNormal/Greybox/SuperNormal/DerivedDataCache/DDC.ddp not found, will not use a pak cache.
[2019.01.25-21.29.22:874][  0]LogDerivedDataCache: Unable to find inner node Pak for hierarchical cache Hierarchy.
[2019.01.25-21.29.22:875][  0]LogDerivedDataCache: FDerivedDataBackendGraph:  CompressedPak pak cache file ../../../../../GitHub/SuperNormal/Greybox/SuperNormal/DerivedDataCache/Compressed.ddp not found, will not use a pak cache.
[2019.01.25-21.29.22:875][  0]LogDerivedDataCache: Unable to find inner node CompressedPak for hierarchical cache Hierarchy.
[2019.01.25-21.29.22:887][  0]LogDerivedDataCache: Display: Pak cache opened for reading ../../../Engine/DerivedDataCache/Compressed.ddp.
[2019.01.25-21.29.22:899][  0]LogDerivedDataCache: Using Local data cache path D:/Users/Zane.bro6938/AppData/Local/UnrealEngine/Common/DerivedDataCache: Writable
[2019.01.25-21.29.22:899][  0]LogDerivedDataCache: Shared data cache path not found in *engine.ini, will not use an Shared cache.
[2019.01.25-21.29.22:899][  0]LogDerivedDataCache: Unable to find inner node Shared for hierarchical cache Hierarchy.
[2019.01.25-21.29.22:908][  0]LogMaterial: Verifying Global Shaders for PCD3D_SM5
[2019.01.25-21.29.22:909][  0]LogSlate: Using Freetype 2.6.0
[2019.01.25-21.29.22:909][  0]LogSlate: SlateFontCache - WITH_FREETYPE: 1, WITH_HARFBUZZ: 1
[2019.01.25-21.29.22:909][  0]LogSlate: SlateFontCache - WITH_FREETYPE: 1, WITH_HARFBUZZ: 1
[2019.01.25-21.29.23:013][  0]LogAssetRegistry: FAssetRegistry took 0.0257 seconds to start up
[2019.01.25-21.29.23:263][  0]LogInit: Selected Device Profile: [Windows]
[2019.01.25-21.29.23:400][  0]LogSimplygon: Simplygon DLL not present - disabling.
[2019.01.25-21.29.23:402][  0]LogMeshReduction: Using SimplygonSwarm for distributed automatic mesh merging
[2019.01.25-21.29.23:402][  0]LogMeshReduction: Using QuadricMeshReduction for automatic static mesh reduction
[2019.01.25-21.29.23:402][  0]LogMeshReduction: No automatic skeletal mesh reduction module available
[2019.01.25-21.29.23:402][  0]LogMeshReduction: No automatic mesh merging module available
[2019.01.25-21.29.23:402][  0]LogMeshMerging: No automatic mesh merging module available
[2019.01.25-21.29.23:430][  0]LogNetVersion: SuperNormal , NetCL: 3944462, EngineNetVer: 2, GameNetVer: 0 (Checksum: 2607251700)
[2019.01.25-21.29.23:837][  0]LogPackageLocalizationCache: Processed 9 localized package path(s) for 2 prioritized culture(s) in 0.057991 seconds
[2019.01.25-21.29.23:841][  0]LogUObjectArray: 36728 objects as part of root set at end of initial load.
[2019.01.25-21.29.23:841][  0]LogUObjectAllocator: 7314304 out of 0 bytes used by permanent object pool.
[2019.01.25-21.29.23:841][  0]LogUObjectArray: CloseDisregardForGC: 0/0 objects in disregard for GC pool
[2019.01.25-21.29.25:190][  0]LogTcpMessaging: Initializing TcpMessaging bridge
[2019.01.25-21.29.25:215][  0]LogUdpMessaging: Initializing bridge on interface 0.0.0.0:0 to multicast group 230.0.0.1:6666.
[2019.01.25-21.29.25:486][  0]SourceControl: Source control is disabled
[2019.01.25-21.29.25:486][  0]SourceControl: Source control is disabled
[2019.01.25-21.29.25:499][  0]SourceControl: Source control is disabled
[2019.01.25-21.29.25:512][  0]SourceControl: Source control is disabled
[2019.01.25-21.29.25:886][  0]LogAndroidPermission: UAndroidPermissionCallbackProxy::GetInstance
[2019.01.25-21.29.25:991][  0]LogOcInput: OculusInput pre-init called
[2019.01.25-21.29.26:081][  0]LogEngine: Initializing Engine...
[2019.01.25-21.29.26:083][  0]LogHMD: Failed to initialize OpenVR with code 110
[2019.01.25-21.29.26:084][  0]LogStats: UGameplayTagsManager::ConstructGameplayTagTree: Construct from data asset -  0.000 s
[2019.01.25-21.29.26:084][  0]LogStats: UGameplayTagsManager::ConstructGameplayTagTree: GameplayTagTreeChangedEvent.Broadcast -  0.000 s
[2019.01.25-21.29.26:270][  0]LogAIModule: Creating AISystem for world Untitled
[2019.01.25-21.29.26:318][  0]LogInit: XAudio2 using 'Digital Audio (S/PDIF) (High Definition Audio Device)' : 2 channels at 48 kHz using 16 bits per sample (channel mask 0x3)
[2019.01.25-21.29.26:338][  0]LogInit: FAudioDevice initialized.
[2019.01.25-21.29.26:447][  0]LogDerivedDataCache: Saved boot cache 0.11s 74MB D:/Users/Zane.bro6938/AppData/Local/UnrealEngine/4.19/DerivedDataCache/Boot.ddc.
[2019.01.25-21.29.26:460][  0]LogInit: Texture streaming: Enabled
[2019.01.25-21.29.26:472][  0]LogEngineSessionManager: EngineSessionManager initialized
[2019.01.25-21.29.26:485][  0]LogInit: Transaction tracking system initialized
[2019.01.25-21.29.26:504][  0]BlueprintLog: New page: Editor Load
[2019.01.25-21.29.26:569][  0]LocalizationService: Localization service is disabled
[2019.01.25-21.29.26:641][  0]LogConsoleResponse: Display: 
[2019.01.25-21.29.26:759][  0]LogCook: Display: Max memory allowance for cook 16384mb min free memory 0mb
[2019.01.25-21.29.26:759][  0]LogCook: Display: Mobile HDR setting 1
[2019.01.25-21.29.26:759][  0]LogGameplayTags: Display: UGameplayTagsManager::DoneAddingNativeTags. DelegateIsBound: 0
[2019.01.25-21.29.26:759][  0]LogStats: UGameplayTagsManager::ConstructGameplayTagTree: Construct from data asset -  0.000 s
[2019.01.25-21.29.26:759][  0]LogStats: UGameplayTagsManager::ConstructGameplayTagTree: GameplayTagTreeChangedEvent.Broadcast -  0.000 s
[2019.01.25-21.29.27:022][  0]LogFileCache: Scanning file cache for directory 'D:/Users/Zane.bro6938/Documents/GitHub/SuperNormal/Greybox/SuperNormal/Content/' took 0.01s
[2019.01.25-21.29.27:022][  0]SourceControl: Source control is disabled
[2019.01.25-21.29.27:022][  0]Cmd: MAP LOAD FILE="../../../../../GitHub/SuperNormal/Greybox/SuperNormal/Content/FirstPersonBP/Maps/FirstPersonExampleMap.umap" TEMPLATE=0 SHOWPROGRESS=1 FEATURELEVEL=3
[2019.01.25-21.29.27:022][  0]LightingResults: New page: Lighting Build
[2019.01.25-21.29.27:025][  0]MapCheck: New page: Map Check
[2019.01.25-21.29.27:025][  0]LightingResults: New page: Lighting Build
[2019.01.25-21.29.27:066][  0]LogUObjectGlobals: Created PersistentFrame Addr=0x000001d417d8b6f0, Size=72, Default__FirstPerson_AnimBP_C Function /Game/FirstPerson/Animations/FirstPerson_AnimBP.FirstPerson_AnimBP_C:ExecuteUbergraph_FirstPerson_AnimBP
[2019.01.25-21.29.27:073][  0]LogUObjectGlobals: Destroyed PersistentFrame Addr=0x000001d417d8b6f0, Size=72
[2019.01.25-21.29.27:073][  0]LogUObjectGlobals: Created PersistentFrame Addr=0x000001d417d9aa70, Size=72, Default__FirstPerson_AnimBP_C Function /Engine/Transient.REINST_FirstPerson_AnimBP_C_0:ExecuteUbergraph_FirstPerson_AnimBP
[2019.01.25-21.29.27:079][  0]LogUObjectGlobals: Created PersistentFrame Addr=0x000001d417cb6f20, Size=72, Default__FirstPerson_AnimBP_C Function /Game/FirstPerson/Animations/FirstPerson_AnimBP.FirstPerson_AnimBP_C:ExecuteUbergraph_FirstPerson_AnimBP
[2019.01.25-21.29.27:089][  0]LogUObjectGlobals: Created PersistentFrame Addr=0x000001d417caf100, Size=256, Default__FirstPersonProjectile_C Function /Game/FirstPersonBP/Blueprints/FirstPersonProjectile.FirstPersonProjectile_C:ExecuteUbergraph_FirstPersonProjectile
[2019.01.25-21.29.27:092][  0]LogUObjectGlobals: Destroyed PersistentFrame Addr=0x000001d417caf100, Size=256
[2019.01.25-21.29.27:092][  0]LogUObjectGlobals: Created PersistentFrame Addr=0x000001d417caf100, Size=256, Default__FirstPersonProjectile_C Function /Engine/Transient.REINST_FirstPersonProjectile_C_4:ExecuteUbergraph_FirstPersonProjectile
[2019.01.25-21.29.27:094][  0]LogUObjectGlobals: Created PersistentFrame Addr=0x000001d417cacd00, Size=256, Default__FirstPersonProjectile_C Function /Game/FirstPersonBP/Blueprints/FirstPersonProjectile.FirstPersonProjectile_C:ExecuteUbergraph_FirstPersonProjectile
[2019.01.25-21.29.27:139][  0]LogUObjectGlobals: Created PersistentFrame Addr=0x000001d422180700, Size=688, Default__FirstPersonCharacter_C Function /Game/FirstPersonBP/Blueprints/FirstPersonCharacter.FirstPersonCharacter_C:ExecuteUbergraph_FirstPersonCharacter
[2019.01.25-21.29.27:147][  0]LogUObjectGlobals: Destroyed PersistentFrame Addr=0x000001d422180700, Size=688
[2019.01.25-21.29.27:147][  0]LogUObjectGlobals: Created PersistentFrame Addr=0x000001d4175c1c00, Size=688, Default__FirstPersonCharacter_C Function /Engine/Transient.REINST_FirstPersonCharacter_C_6:ExecuteUbergraph_FirstPersonCharacter
[2019.01.25-21.29.27:154][  0]LogUObjectGlobals: Created PersistentFrame Addr=0x000001d417507d00, Size=688, Default__FirstPersonCharacter_C Function /Game/FirstPersonBP/Blueprints/FirstPersonCharacter.FirstPersonCharacter_C:ExecuteUbergraph_FirstPersonCharacter
[2019.01.25-21.29.27:214][  0]LogUObjectGlobals: Created PersistentFrame Addr=0x000001d41b64ff90, Size=52, Default__FirstPersonHUD_C Function /Game/FirstPersonBP/Blueprints/FirstPersonHUD.FirstPersonHUD_C:ExecuteUbergraph_FirstPersonHUD
[2019.01.25-21.29.27:216][  0]LogUObjectGlobals: Destroyed PersistentFrame Addr=0x000001d41b64ff90, Size=52
[2019.01.25-21.29.27:216][  0]LogUObjectGlobals: Created PersistentFrame Addr=0x000001d41b64ff90, Size=52, Default__FirstPersonHUD_C Function /Engine/Transient.REINST_FirstPersonHUD_C_10:ExecuteUbergraph_FirstPersonHUD
[2019.01.25-21.29.27:218][  0]LogUObjectGlobals: Created PersistentFrame Addr=0x000001d41b64f8c8, Size=52, Default__FirstPersonHUD_C Function /Game/FirstPersonBP/Blueprints/FirstPersonHUD.FirstPersonHUD_C:ExecuteUbergraph_FirstPersonHUD
[2019.01.25-21.29.27:222][  0]LogLinker: Warning: Can't find file '/Game/FirstPersonBP/Maps/FirstPersonExampleMap_BuiltData'
[2019.01.25-21.29.27:222][  0]LogLinker: Warning: Can't find file for asset '/Game/FirstPersonBP/Maps/FirstPersonExampleMap_BuiltData' while loading ../../../../../GitHub/SuperNormal/Greybox/SuperNormal/Content/FirstPersonBP/Maps/FirstPersonExampleMap.umap.
[2019.01.25-21.29.27:222][  0]LoadErrors: Error: /Game/FirstPersonBP/Maps/FirstPersonExampleMap : Can't find file for asset. /Game/FirstPersonBP/Maps/FirstPersonExampleMap_BuiltData
[2019.01.25-21.29.27:227][  0]LogLinker: Warning: Can't find file '/Game/FirstPersonBP/Maps/FirstPersonExampleMap_BuiltData'
[2019.01.25-21.29.27:227][  0]LogLinker: Warning: Can't find file for asset '/Game/FirstPersonBP/Maps/FirstPersonExampleMap_BuiltData' while loading ../../../../../GitHub/SuperNormal/Greybox/SuperNormal/Content/FirstPersonBP/Maps/FirstPersonExampleMap.umap.
[2019.01.25-21.29.27:227][  0]LoadErrors: Error: /Game/FirstPersonBP/Maps/FirstPersonExampleMap : Can't find file for asset. /Game/FirstPersonBP/Maps/FirstPersonExampleMap_BuiltData
[2019.01.25-21.29.27:228][  0]LogLinker: Warning: Can't find file '/Game/FirstPersonBP/Maps/FirstPersonExampleMap_BuiltData'
[2019.01.25-21.29.27:228][  0]LogLinker: Warning: Can't find file for asset '/Game/FirstPersonBP/Maps/FirstPersonExampleMap_BuiltData' while loading NULL.
[2019.01.25-21.29.27:228][  0]LogLinker: Warning: Can't find file '/Game/FirstPersonBP/Maps/FirstPersonExampleMap_BuiltData'
[2019.01.25-21.29.27:228][  0]LogLinker: Warning: Can't find file for asset '/Game/FirstPersonBP/Maps/FirstPersonExampleMap_BuiltData' while loading NULL.
[2019.01.25-21.29.27:246][  0]LogLinker: Warning: Can't find file '/Game/FirstPersonBP/Maps/FirstPersonExampleMap_BuiltData'
[2019.01.25-21.29.27:246][  0]LoadErrors: Failed to load /Game/FirstPersonBP/Maps/FirstPersonExampleMap_BuiltData.FirstPersonExampleMap_BuiltData Referenced by PersistentLevel
[2019.01.25-21.29.27:246][  0]LogLinker: Warning: Can't find file for asset '/Game/FirstPersonBP/Maps/FirstPersonExampleMap_BuiltData' while loading NULL.
[2019.01.25-21.29.27:246][  0]LoadErrors: Failed to load /Game/FirstPersonBP/Maps/FirstPersonExampleMap_BuiltData.FirstPersonExampleMap_BuiltData Referenced by PersistentLevel
[2019.01.25-21.29.27:311][  0]LogTexture: Display: Building textures: Texture2D_0 (BGRA8, 256X256)
[2019.01.25-21.29.27:311][  0]LogMaterial: Missing cached shader map for material WorldGridMaterial, compiling. Is special engine material.
[2019.01.25-21.29.32:291][  0]LogShaderCompilers: Display: Shaders left to compile 112
[2019.01.25-21.29.32:291][  0]LogShaderCompilers: Display: Shaders left to compile 111
[2019.01.25-21.29.32:291][  0]LogShaderCompilers: Display: Shaders left to compile 110
[2019.01.25-21.29.32:291][  0]LogShaderCompilers: Display: Shaders left to compile 109
[2019.01.25-21.29.32:291][  0]LogShaderCompilers: Display: Shaders left to compile 108
[2019.01.25-21.29.32:291][  0]LogShaderCompilers: Display: Shaders left to compile 107
[2019.01.25-21.29.32:291][  0]LogShaderCompilers: Display: Shaders left to compile 106
[2019.01.25-21.29.32:291][  0]LogShaderCompilers: Display: Shaders left to compile 105
[2019.01.25-21.29.32:291][  0]LogShaderCompilers: Display: Shaders left to compile 104
[2019.01.25-21.29.32:291][  0]LogShaderCompilers: Display: Shaders left to compile 103
[2019.01.25-21.29.32:291][  0]LogShaderCompilers: Display: Shaders left to compile 102
[2019.01.25-21.29.32:291][  0]LogShaderCompilers: Display: Shaders left to compile 101
[2019.01.25-21.29.32:291][  0]LogShaderCompilers: Display: Shaders left to compile 100
[2019.01.25-21.29.32:291][  0]LogShaderCompilers: Display: Shaders left to compile 99
[2019.01.25-21.29.32:291][  0]LogShaderCompilers: Display: Shaders left to compile 98
[2019.01.25-21.29.32:291][  0]LogShaderCompilers: Display: Shaders left to compile 97
[2019.01.25-21.29.32:291][  0]LogShaderCompilers: Display: Shaders left to compile 96
[2019.01.25-21.29.32:291][  0]LogShaderCompilers: Display: Shaders left to compile 95
[2019.01.25-21.29.32:291][  0]LogShaderCompilers: Display: Shaders left to compile 94
[2019.01.25-21.29.32:291][  0]LogShaderCompilers: Display: Shaders left to compile 93
[2019.01.25-21.29.32:291][  0]LogShaderCompilers: Display: Shaders left to compile 92
[2019.01.25-21.29.32:291][  0]LogShaderCompilers: Display: Shaders left to compile 91
[2019.01.25-21.29.32:291][  0]LogShaderCompilers: Display: Shaders left to compile 90
[2019.01.25-21.29.32:291][  0]LogShaderCompilers: Display: Shaders left to compile 89
[2019.01.25-21.29.32:291][  0]LogShaderCompilers: Display: Shaders left to compile 88
[2019.01.25-21.29.32:291][  0]LogShaderCompilers: Display: Shaders left to compile 87
[2019.01.25-21.29.32:291][  0]LogShaderCompilers: Display: Shaders left to compile 86
[2019.01.25-21.29.32:291][  0]LogShaderCompilers: Display: Shaders left to compile 85
[2019.01.25-21.29.32:291][  0]LogShaderCompilers: Display: Shaders left to compile 84
[2019.01.25-21.29.32:291][  0]LogShaderCompilers: Display: Shaders left to compile 83
[2019.01.25-21.29.32:291][  0]LogShaderCompilers: Display: Shaders left to compile 82
[2019.01.25-21.29.32:291][  0]LogShaderCompilers: Display: Shaders left to compile 81
[2019.01.25-21.29.32:291][  0]LogShaderCompilers: Display: Shaders left to compile 80
[2019.01.25-21.29.32:291][  0]LogShaderCompilers: Display: Shaders left to compile 79
[2019.01.25-21.29.32:291][  0]LogShaderCompilers: Display: Shaders left to compile 78
[2019.01.25-21.29.32:291][  0]LogShaderCompilers: Display: Shaders left to compile 77
[2019.01.25-21.29.32:291][  0]LogShaderCompilers: Display: Shaders left to compile 76
[2019.01.25-21.29.32:292][  0]LogShaderCompilers: Display: Shaders left to compile 75
[2019.01.25-21.29.32:292][  0]LogShaderCompilers: Display: Shaders left to compile 74
[2019.01.25-21.29.32:292][  0]LogShaderCompilers: Display: Shaders left to compile 73
[2019.01.25-21.29.32:292][  0]LogShaderCompilers: Display: Shaders left to compile 72
[2019.01.25-21.29.32:292][  0]LogShaderCompilers: Display: Shaders left to compile 71
[2019.01.25-21.29.32:292][  0]LogShaderCompilers: Display: Shaders left to compile 70
[2019.01.25-21.29.32:292][  0]LogShaderCompilers: Display: Shaders left to compile 69
[2019.01.25-21.29.32:292][  0]LogShaderCompilers: Display: Shaders left to compile 68
[2019.01.25-21.29.32:292][  0]LogShaderCompilers: Display: Shaders left to compile 67
[2019.01.25-21.29.32:292][  0]LogShaderCompilers: Display: Shaders left to compile 66
[2019.01.25-21.29.32:292][  0]LogShaderCompilers: Display: Shaders left to compile 65
[2019.01.25-21.29.32:292][  0]LogShaderCompilers: Display: Shaders left to compile 64
[2019.01.25-21.29.32:292][  0]LogShaderCompilers: Display: Shaders left to compile 63
[2019.01.25-21.29.32:292][  0]LogShaderCompilers: Display: Shaders left to compile 62
[2019.01.25-21.29.32:292][  0]LogShaderCompilers: Display: Shaders left to compile 61
[2019.01.25-21.29.32:292][  0]LogShaderCompilers: Display: Shaders left to compile 60
[2019.01.25-21.29.32:292][  0]LogShaderCompilers: Display: Shaders left to compile 59
[2019.01.25-21.29.32:292][  0]LogShaderCompilers: Display: Shaders left to compile 58
[2019.01.25-21.29.32:292][  0]LogShaderCompilers: Display: Shaders left to compile 57
[2019.01.25-21.29.32:292][  0]LogShaderCompilers: Display: Shaders left to compile 56
[2019.01.25-21.29.32:292][  0]LogShaderCompilers: Display: Shaders left to compile 55
[2019.01.25-21.29.32:292][  0]LogShaderCompilers: Display: Shaders left to compile 54
[2019.01.25-21.29.32:292][  0]LogShaderCompilers: Display: Shaders left to compile 53
[2019.01.25-21.29.32:292][  0]LogShaderCompilers: Display: Shaders left to compile 52
[2019.01.25-21.29.32:292][  0]LogShaderCompilers: Display: Shaders left to compile 51
[2019.01.25-21.29.32:292][  0]LogShaderCompilers: Display: Shaders left to compile 50
[2019.01.25-21.29.32:292][  0]LogShaderCompilers: Display: Shaders left to compile 49
[2019.01.25-21.29.32:292][  0]LogShaderCompilers: Display: Shaders left to compile 48
[2019.01.25-21.29.32:292][  0]LogShaderCompilers: Display: Shaders left to compile 47
[2019.01.25-21.29.32:292][  0]LogShaderCompilers: Display: Shaders left to compile 46
[2019.01.25-21.29.32:292][  0]LogShaderCompilers: Display: Shaders left to compile 45
[2019.01.25-21.29.32:292][  0]LogShaderCompilers: Display: Shaders left to compile 44
[2019.01.25-21.29.32:292][  0]LogShaderCompilers: Display: Shaders left to compile 43
[2019.01.25-21.29.32:292][  0]LogShaderCompilers: Display: Shaders left to compile 42
[2019.01.25-21.29.32:292][  0]LogShaderCompilers: Display: Shaders left to compile 41
[2019.01.25-21.29.32:292][  0]LogShaderCompilers: Display: Shaders left to compile 40
[2019.01.25-21.29.32:292][  0]LogShaderCompilers: Display: Shaders left to compile 39
[2019.01.25-21.29.32:292][  0]LogShaderCompilers: Display: Shaders left to compile 38
[2019.01.25-21.29.32:292][  0]LogShaderCompilers: Display: Shaders left to compile 37
[2019.01.25-21.29.32:292][  0]LogShaderCompilers: Display: Shaders left to compile 36
[2019.01.25-21.29.32:292][  0]LogShaderCompilers: Display: Shaders left to compile 35
[2019.01.25-21.29.32:292][  0]LogShaderCompilers: Display: Shaders left to compile 34
[2019.01.25-21.29.32:292][  0]LogShaderCompilers: Display: Shaders left to compile 33
[2019.01.25-21.29.32:292][  0]LogShaderCompilers: Display: Shaders left to compile 32
[2019.01.25-21.29.32:292][  0]LogShaderCompilers: Display: Shaders left to compile 31
[2019.01.25-21.29.32:292][  0]LogShaderCompilers: Display: Shaders left to compile 30
[2019.01.25-21.29.32:292][  0]LogShaderCompilers: Display: Shaders left to compile 29
[2019.01.25-21.29.32:292][  0]LogShaderCompilers: Display: Shaders left to compile 28
[2019.01.25-21.29.32:292][  0]LogShaderCompilers: Display: Shaders left to compile 27
[2019.01.25-21.29.32:292][  0]LogShaderCompilers: Display: Shaders left to compile 26
[2019.01.25-21.29.32:292][  0]LogShaderCompilers: Display: Shaders left to compile 25
[2019.01.25-21.29.32:292][  0]LogShaderCompilers: Display: Shaders left to compile 24
[2019.01.25-21.29.32:292][  0]LogShaderCompilers: Display: Shaders left to compile 23
[2019.01.25-21.29.32:292][  0]LogShaderCompilers: Display: Shaders left to compile 22
[2019.01.25-21.29.32:292][  0]LogShaderCompilers: Display: Shaders left to compile 21
[2019.01.25-21.29.32:292][  0]LogShaderCompilers: Display: Shaders left to compile 20
[2019.01.25-21.29.32:292][  0]LogShaderCompilers: Display: Shaders left to compile 19
[2019.01.25-21.29.32:292][  0]LogShaderCompilers: Display: Shaders left to compile 18
[2019.01.25-21.29.32:292][  0]LogShaderCompilers: Display: Shaders left to compile 17
[2019.01.25-21.29.32:292][  0]LogShaderCompilers: Display: Shaders left to compile 16
[2019.01.25-21.29.32:292][  0]LogShaderCompilers: Display: Shaders left to compile 15
[2019.01.25-21.29.32:292][  0]LogShaderCompilers: Display: Shaders left to compile 14
[2019.01.25-21.29.32:292][  0]LogShaderCompilers: Display: Shaders left to compile 13
[2019.01.25-21.29.32:292][  0]LogShaderCompilers: Display: Shaders left to compile 12
[2019.01.25-21.29.32:292][  0]LogShaderCompilers: Display: Shaders left to compile 11
[2019.01.25-21.29.32:292][  0]LogShaderCompilers: Display: Shaders left to compile 10
[2019.01.25-21.29.32:292][  0]LogShaderCompilers: Display: Shaders left to compile 9
[2019.01.25-21.29.32:292][  0]LogShaderCompilers: Display: Shaders left to compile 8
[2019.01.25-21.29.32:292][  0]LogShaderCompilers: Display: Shaders left to compile 7
[2019.01.25-21.29.32:292][  0]LogShaderCompilers: Display: Shaders left to compile 6
[2019.01.25-21.29.32:292][  0]LogShaderCompilers: Display: Shaders left to compile 5
[2019.01.25-21.29.32:292][  0]LogShaderCompilers: Display: Shaders left to compile 4
[2019.01.25-21.29.32:292][  0]LogShaderCompilers: Display: Shaders left to compile 3
[2019.01.25-21.29.32:292][  0]LogShaderCompilers: Display: Shaders left to compile 2
[2019.01.25-21.29.32:292][  0]LogShaderCompilers: Display: Shaders left to compile 1
[2019.01.25-21.29.32:341][  0]LogSkeletalMesh: Skeletal Mesh found in DDC [4.519253ms] /Game/FirstPerson/Character/Mesh/SK_Mannequin_Arms.SK_Mannequin_Arms
[2019.01.25-21.29.32:353][  0]LogMaterial: Missing cached shader map for material _01, compiling. 
[2019.01.25-21.29.32:372][  0]LogShaderCompilers: Display: Shaders left to compile 22
[2019.01.25-21.29.32:372][  0]LogShaderCompilers: Display: Shaders left to compile 12
[2019.01.25-21.29.32:372][  0]LogShaderCompilers: Display: Shaders left to compile 2
[2019.01.25-21.29.32:372][  0]LogSkeletalMesh: Skeletal Mesh found in DDC [2.793244ms] /Game/FirstPerson/FPWeapon/Mesh/SK_FPGun.SK_FPGun
[2019.01.25-21.29.32:409][  0]LogAIModule: Creating AISystem for world FirstPersonExampleMap
[2019.01.25-21.29.32:461][  0]LogEditorServer: Finished looking for orphan Actors (0.000 secs)
[2019.01.25-21.29.32:475][  0]LogUObjectGlobals: Destroyed PersistentFrame Addr=0x000001d417d9aa70, Size=72
[2019.01.25-21.29.32:475][  0]LogUObjectGlobals: Destroyed PersistentFrame Addr=0x000001d417caf100, Size=256
[2019.01.25-21.29.32:476][  0]LogUObjectGlobals: Destroyed PersistentFrame Addr=0x000001d4175c1c00, Size=688
[2019.01.25-21.29.32:476][  0]LogUObjectGlobals: Destroyed PersistentFrame Addr=0x000001d41b64ff90, Size=52
[2019.01.25-21.29.32:477][  0]Cmd: MAP CHECKDEP NOCLEARLOG
[2019.01.25-21.29.32:535][  0]MapCheck: Map check complete: 0 Error(s), 0 Warning(s), took 56.955ms to complete.
[2019.01.25-21.29.32:535][  0]LogFileHelpers: Loading map 'FirstPersonExampleMap' took 5.512
[2019.01.25-21.29.32:699][  0]LogCollectionManager: Loaded 0 collections in 0.002150 seconds
[2019.01.25-21.29.32:743][  0]LogFileCache: Scanning file cache for directory 'D:/Users/Zane.bro6938/Documents/GitHub/SuperNormal/Greybox/SuperNormal/Saved/Collections/' took 0.01s
[2019.01.25-21.29.32:743][  0]LogFileCache: Scanning file cache for directory 'D:/Users/Zane.bro6938/Documents/GitHub/SuperNormal/Greybox/SuperNormal/Content/Developers/Zanebro6938/Collections/' took 0.01s
[2019.01.25-21.29.32:743][  0]LogFileCache: Scanning file cache for directory 'D:/Users/Zane.bro6938/Documents/GitHub/SuperNormal/Greybox/SuperNormal/Content/Collections/' took 0.01s
[2019.01.25-21.29.32:743][  0]LogCollectionManager: Rebuilt the GUID cache for 0 collections in 0.000000 seconds
[2019.01.25-21.29.32:751][  0]LogContentBrowser: Native class hierarchy populated in 0.0081 seconds. Added 2452 classes and 558 folders.
[2019.01.25-21.29.32:758][  0]LogContentBrowser: Native class hierarchy updated for 'WidgetCarousel' in 0.0002 seconds. Added 0 classes and 0 folders.
[2019.01.25-21.29.33:032][  0]LogContentBrowser: Native class hierarchy updated for 'AddContentDialog' in 0.0002 seconds. Added 0 classes and 0 folders.
[2019.01.25-21.29.33:037][  0]LogContentBrowser: Native class hierarchy updated for 'SceneOutliner' in 0.0002 seconds. Added 1 classes and 2 folders.
[2019.01.25-21.29.33:055][  0]LogSlate: Took 0.000186 seconds to synchronously load lazily loaded font '../../../Engine/Content/Slate/Fonts/Roboto-Regular.ttf' (155K)
[2019.01.25-21.29.33:059][  0]LogSlate: Took 0.000325 seconds to synchronously load lazily loaded font '../../../Engine/Content/Slate/Fonts/Roboto-Bold.ttf' (160K)
[2019.01.25-21.29.33:075][  0]LogSlate: Took 0.004333 seconds to synchronously load lazily loaded font '../../../Engine/Content/Editor/Slate/Fonts/FontAwesome.ttf' (139K)
[2019.01.25-21.29.33:189][  0]LogRenderer: Reallocating scene render targets to support 1208x580 Format 10 NumSamples 1 (Frame:1).
[2019.01.25-21.29.33:331][  0]LogSlate: FSceneViewport::OnFocusLost() reason 2
[2019.01.25-21.29.33:345][  0]LogSlate: Window 'Tutorials' being destroyed
[2019.01.25-21.29.33:384][  0]LogContentBrowser: Native class hierarchy updated for 'HierarchicalLODOutliner' in 0.0003 seconds. Added 0 classes and 0 folders.
[2019.01.25-21.29.33:384][  0]LogLoad: (Engine Initialization) Total time: 14.68 seconds
[2019.01.25-21.29.33:384][  0]LogLoad: (Engine Initialization) Total Blueprint compile time: 0.00 seconds
[2019.01.25-21.29.33:392][  0]LogWindowsTextInputMethodSystem: Display: IME system now deactivated.
[2019.01.25-21.29.33:415][  0]LogContentStreaming: Texture pool size now 1000 MB
[2019.01.25-21.29.33:420][  0]LogSlate: FSceneViewport::OnFocusLost() reason 2
[2019.01.25-21.29.33:463][  0]LogSlate: Took 0.003934 seconds to synchronously load lazily loaded font '../../../Engine/Content/Slate/Fonts/Roboto-Light.ttf' (167K)
[2019.01.25-21.29.33:489][  1]LogAssetRegistry: Asset discovery search completed in 10.4980 seconds
[2019.01.25-21.29.33:490][  1]LogCollectionManager: Rebuilt the object cache for 0 collections in 0.000000 seconds (found 0 objects)
[2019.01.25-21.29.33:490][  1]LogCollectionManager: Fixed up redirectors for 0 collections in 0.000048 seconds (updated 0 objects)
[2019.01.25-21.29.35:351][191]LogSlate: Window 'Message Log' being destroyed
[2019.01.25-21.29.35:354][191]LogSlate: Window 'Message Log' being destroyed
[2019.01.25-21.29.52:493][244]LogSlate: FSceneViewport::OnFocusLost() reason 0
[2019.01.25-21.46.47:511][469]LogSlate: FSceneViewport::OnFocusLost() reason 0
[2019.01.25-21.46.48:488][573]LogSlate: Took 0.003158 seconds to synchronously load lazily loaded font '../../../Engine/Content/Slate/Fonts/Roboto-Italic.ttf' (157K)
[2019.01.25-21.46.52:281][ 26]LogSlate: Took 0.000195 seconds to synchronously load lazily loaded font '../../../Engine/Content/Slate/Fonts/Roboto-Light.ttf' (167K)
[2019.01.25-21.46.52:496][ 26]LogContentBrowser: Native class hierarchy updated for 'BlueprintGraph' in 0.0005 seconds. Added 116 classes and 0 folders.
[2019.01.25-21.46.52:722][ 26]LogUObjectGlobals: Created PersistentFrame Addr=0x000001d45c7553b0, Size=4, Default__SKEL_PROTO_BP_AnimBlueprint_0_C Function /Engine/Transient.SKEL_PROTO_BP_AnimBlueprint_0_C:ExecuteUbergraph_PROTO_BP_AnimBlueprint_0
[2019.01.25-21.46.52:722][ 26]LogUObjectGlobals: Created PersistentFrame Addr=0x000001d45c7553a8, Size=4, Default__PROTO_BP_AnimBlueprint_0_C Function /Engine/Transient.PROTO_BP_AnimBlueprint_0_C:ExecuteUbergraph_PROTO_BP_AnimBlueprint_0
[2019.01.25-21.46.53:065][ 26]LogSlate: Took 0.003228 seconds to synchronously load lazily loaded font '../../../Engine/Content/Slate/Fonts/Roboto-BoldCondensed.ttf' (158K)
[2019.01.25-21.48.16:462][274]LogSlate: FSceneViewport::OnFocusLost() reason 0
[2019.01.25-21.48.20:955][726]LogUObjectGlobals: Created PersistentFrame Addr=0x000001d4695b8280, Size=4, Default__SKEL_FirstPersonCharacter_C Function /Game/FirstPersonBP/Blueprints/FirstPersonCharacter.SKEL_FirstPersonCharacter_C:ExecuteUbergraph_FirstPersonCharacter
[2019.01.25-21.48.20:960][726]LogScript: Warning: Attempted to access TRASH_SkeletalMeshComponent_12 via property FP_Gun, but TRASH_SkeletalMeshComponent_12 is pending kill
	FirstPersonCharacter_C /Game/FirstPersonBP/Maps/FirstPersonExampleMap.FirstPersonExampleMap:PersistentLevel.FirstPersonCharacter_C_1
	Function /Game/FirstPersonBP/Blueprints/FirstPersonCharacter.FirstPersonCharacter_C:UserConstructionScript:0017
[2019.01.25-21.48.20:962][726]LogScript: Warning: Attempted to access TRASH_SkeletalMeshComponent_12 via property FP_Gun, but TRASH_SkeletalMeshComponent_12 is pending kill
	FirstPersonCharacter_C /Engine/Transient.World_0:PersistentLevel.FirstPersonCharacter_C_0
	Function /Game/FirstPersonBP/Blueprints/FirstPersonCharacter.FirstPersonCharacter_C:UserConstructionScript:0017
[2019.01.25-21.48.20:993][726]LogScript: Warning: Attempted to access TRASH_SkeletalMeshComponent_12 via property FP_Gun, but TRASH_SkeletalMeshComponent_12 is pending kill
	FirstPersonCharacter_C /Engine/Transient.World_0:PersistentLevel.FirstPersonCharacter_C_0
	Function /Game/FirstPersonBP/Blueprints/FirstPersonCharacter.FirstPersonCharacter_C:UserConstructionScript:0017
[2019.01.25-21.48.24:729][115]LogSlate: FSceneViewport::OnFocusLost() reason 0
[2019.01.25-21.48.25:191][165]LogUObjectGlobals: Destroyed PersistentFrame Addr=0x000001d4695b8280, Size=4
[2019.01.25-21.48.25:191][165]LogUObjectGlobals: Created PersistentFrame Addr=0x000001d4602f8470, Size=4, Default__SKEL_FirstPersonCharacter_C Function /Engine/Transient.REINST_SKEL_FirstPersonCharacter_C_28:ExecuteUbergraph_FirstPersonCharacter
[2019.01.25-21.48.25:194][165]LogUObjectGlobals: Created PersistentFrame Addr=0x000001d4602f9398, Size=4, Default__SKEL_FirstPersonCharacter_C Function /Game/FirstPersonBP/Blueprints/FirstPersonCharacter.SKEL_FirstPersonCharacter_C:ExecuteUbergraph_FirstPersonCharacter
[2019.01.25-21.48.25:196][165]LogScript: Warning: Attempted to access TRASH_SkeletalMeshComponent_12 via property FP_Gun, but TRASH_SkeletalMeshComponent_12 is pending kill
	FirstPersonCharacter_C /Game/FirstPersonBP/Maps/FirstPersonExampleMap.FirstPersonExampleMap:PersistentLevel.FirstPersonCharacter_C_1
	Function /Game/FirstPersonBP/Blueprints/FirstPersonCharacter.FirstPersonCharacter_C:UserConstructionScript:0017
[2019.01.25-21.48.25:198][165]LogScript: Warning: Attempted to access TRASH_SkeletalMeshComponent_12 via property FP_Gun, but TRASH_SkeletalMeshComponent_12 is pending kill
	FirstPersonCharacter_C /Engine/Transient.World_0:PersistentLevel.FirstPersonCharacter_C_0
	Function /Game/FirstPersonBP/Blueprints/FirstPersonCharacter.FirstPersonCharacter_C:UserConstructionScript:0017
[2019.01.25-21.48.25:224][165]LogScript: Warning: Attempted to access TRASH_SkeletalMeshComponent_12 via property FP_Gun, but TRASH_SkeletalMeshComponent_12 is pending kill
	FirstPersonCharacter_C /Engine/Transient.World_0:PersistentLevel.FirstPersonCharacter_C_0
	Function /Game/FirstPersonBP/Blueprints/FirstPersonCharacter.FirstPersonCharacter_C:UserConstructionScript:0017
[2019.01.25-21.48.30:197][672]LogUObjectGlobals: Destroyed PersistentFrame Addr=0x000001d4602f9398, Size=4
[2019.01.25-21.48.30:197][672]LogUObjectGlobals: Created PersistentFrame Addr=0x000001d4695b9468, Size=4, Default__SKEL_FirstPersonCharacter_C Function /Engine/Transient.REINST_SKEL_FirstPersonCharacter_C_30:ExecuteUbergraph_FirstPersonCharacter
[2019.01.25-21.48.30:199][672]LogUObjectGlobals: Created PersistentFrame Addr=0x000001d4695b9900, Size=4, Default__SKEL_FirstPersonCharacter_C Function /Game/FirstPersonBP/Blueprints/FirstPersonCharacter.SKEL_FirstPersonCharacter_C:ExecuteUbergraph_FirstPersonCharacter
[2019.01.25-21.48.30:202][672]LogScript: Warning: Attempted to access TRASH_SkeletalMeshComponent_12 via property FP_Gun, but TRASH_SkeletalMeshComponent_12 is pending kill
	FirstPersonCharacter_C /Game/FirstPersonBP/Maps/FirstPersonExampleMap.FirstPersonExampleMap:PersistentLevel.FirstPersonCharacter_C_1
	Function /Game/FirstPersonBP/Blueprints/FirstPersonCharacter.FirstPersonCharacter_C:UserConstructionScript:0017
[2019.01.25-21.48.30:203][672]LogScript: Warning: Attempted to access TRASH_SkeletalMeshComponent_12 via property FP_Gun, but TRASH_SkeletalMeshComponent_12 is pending kill
	FirstPersonCharacter_C /Engine/Transient.World_0:PersistentLevel.FirstPersonCharacter_C_0
	Function /Game/FirstPersonBP/Blueprints/FirstPersonCharacter.FirstPersonCharacter_C:UserConstructionScript:0017
[2019.01.25-21.48.30:229][672]LogScript: Warning: Attempted to access TRASH_SkeletalMeshComponent_12 via property FP_Gun, but TRASH_SkeletalMeshComponent_12 is pending kill
	FirstPersonCharacter_C /Engine/Transient.World_0:PersistentLevel.FirstPersonCharacter_C_0
	Function /Game/FirstPersonBP/Blueprints/FirstPersonCharacter.FirstPersonCharacter_C:UserConstructionScript:0017
[2019.01.25-21.48.33:560][ 31]LogUObjectGlobals: Destroyed PersistentFrame Addr=0x000001d4695b9900, Size=4
[2019.01.25-21.48.33:560][ 31]LogUObjectGlobals: Created PersistentFrame Addr=0x000001d4602f8748, Size=4, Default__SKEL_FirstPersonCharacter_C Function /Engine/Transient.REINST_SKEL_FirstPersonCharacter_C_32:ExecuteUbergraph_FirstPersonCharacter
[2019.01.25-21.48.33:563][ 31]LogUObjectGlobals: Created PersistentFrame Addr=0x000001d4602f9140, Size=4, Default__SKEL_FirstPersonCharacter_C Function /Game/FirstPersonBP/Blueprints/FirstPersonCharacter.SKEL_FirstPersonCharacter_C:ExecuteUbergraph_FirstPersonCharacter
[2019.01.25-21.48.33:565][ 31]LogScript: Warning: Attempted to access TRASH_SkeletalMeshComponent_12 via property FP_Gun, but TRASH_SkeletalMeshComponent_12 is pending kill
	FirstPersonCharacter_C /Game/FirstPersonBP/Maps/FirstPersonExampleMap.FirstPersonExampleMap:PersistentLevel.FirstPersonCharacter_C_1
	Function /Game/FirstPersonBP/Blueprints/FirstPersonCharacter.FirstPersonCharacter_C:UserConstructionScript:0017
[2019.01.25-21.48.33:567][ 31]LogScript: Warning: Attempted to access TRASH_SkeletalMeshComponent_12 via property FP_Gun, but TRASH_SkeletalMeshComponent_12 is pending kill
	FirstPersonCharacter_C /Engine/Transient.World_0:PersistentLevel.FirstPersonCharacter_C_0
	Function /Game/FirstPersonBP/Blueprints/FirstPersonCharacter.FirstPersonCharacter_C:UserConstructionScript:0017
[2019.01.25-21.48.33:593][ 31]LogScript: Warning: Attempted to access TRASH_SkeletalMeshComponent_12 via property FP_Gun, but TRASH_SkeletalMeshComponent_12 is pending kill
	FirstPersonCharacter_C /Engine/Transient.World_0:PersistentLevel.FirstPersonCharacter_C_0
	Function /Game/FirstPersonBP/Blueprints/FirstPersonCharacter.FirstPersonCharacter_C:UserConstructionScript:0017
[2019.01.25-21.48.48:017][730]LogScript: Warning: Accessed None trying to read property FP_Gun
	FirstPersonCharacter_C /Engine/Transient.World_3:PersistentLevel.FirstPersonCharacter_C_75
	Function /Game/FirstPersonBP/Blueprints/FirstPersonCharacter.FirstPersonCharacter_C:UserConstructionScript:0017
[2019.01.25-21.48.48:077][730]LogSavePackage: Save=42.35ms
[2019.01.25-21.48.48:077][730]LogSavePackage: Moving '../../../../../GitHub/SuperNormal/Greybox/SuperNormal/Saved/FirstPersonCharacter8CDED16746783F367384659745846890.tmp' to '../../../../../GitHub/SuperNormal/Greybox/SuperNormal/Content/FirstPersonBP/Blueprints/FirstPersonCharacter.uasset'
[2019.01.25-21.48.48:079][730]LogSavePackage: Display: Finished SavePackage ../../../../../GitHub/SuperNormal/Greybox/SuperNormal/Content/FirstPersonBP/Blueprints/FirstPersonCharacter.uasset
[2019.01.25-21.48.53:754][379]LogTemp: Repeating last play command: Selected Viewport
[2019.01.25-21.48.53:771][379]LogBlueprintUserMessages: Early PlayInEditor Detection: Level '/Game/FirstPersonBP/Maps/FirstPersonExampleMap.FirstPersonExampleMap:PersistentLevel' has LevelScriptBlueprint '/Game/FirstPersonBP/Maps/FirstPersonExampleMap.FirstPersonExampleMap:PersistentLevel.FirstPersonExampleMap' with GeneratedClass '/Game/FirstPersonBP/Maps/FirstPersonExampleMap.FirstPersonExampleMap_C' with ClassGeneratedBy '/Game/FirstPersonBP/Maps/FirstPersonExampleMap.FirstPersonExampleMap:PersistentLevel.FirstPersonExampleMap'
[2019.01.25-21.48.53:771][379]BlueprintLog: New page: Pre-Play auto-recompile
[2019.01.25-21.48.53:779][379]LogUObjectGlobals: Destroyed PersistentFrame Addr=0x000001d4602f9140, Size=4
[2019.01.25-21.48.53:779][379]LogUObjectGlobals: Created PersistentFrame Addr=0x000001d4695b9f98, Size=4, Default__SKEL_FirstPersonCharacter_C Function /Engine/Transient.REINST_SKEL_FirstPersonCharacter_C_34:ExecuteUbergraph_FirstPersonCharacter
[2019.01.25-21.48.53:779][379]LogPlayLevel: [PlayLevel] Compiling FirstPersonCharacter before play...
[2019.01.25-21.48.53:787][379]LogUObjectGlobals: Destroyed PersistentFrame Addr=0x000001d417507d00, Size=688
[2019.01.25-21.48.53:787][379]LogUObjectGlobals: Created PersistentFrame Addr=0x000001d4646bdf00, Size=688, Default__FirstPersonCharacter_C Function /Engine/Transient.REINST_FirstPersonCharacter_C_36:ExecuteUbergraph_FirstPersonCharacter
[2019.01.25-21.48.53:790][379]LogBlueprint: Error: [Compiler FirstPersonCharacter] This blueprint (self) is not a SceneComponent, therefore ' Target ' must have a connection.
[2019.01.25-21.48.53:790][379]LogBlueprint: Error: [Compiler FirstPersonCharacter] This blueprint (self) is not a SceneComponent, therefore ' Target ' must have a connection.
[2019.01.25-21.48.53:791][379]LogUObjectGlobals: Created PersistentFrame Addr=0x000001d471b50100, Size=168, Default__FirstPersonCharacter_C Function /Game/FirstPersonBP/Blueprints/FirstPersonCharacter.FirstPersonCharacter_C:ExecuteUbergraph_FirstPersonCharacter
[2019.01.25-21.48.53:792][379]LogBlueprint: Warning: [Compiler FirstPersonCharacter] [1175.11] Compile of FirstPersonCharacter failed. 2 Fatal Issue(s) 0 Warning(s) [in 13 ms] (/Game/FirstPersonBP/Blueprints/FirstPersonCharacter.FirstPersonCharacter)
[2019.01.25-21.48.54:137][379]LogUObjectGlobals: Destroyed PersistentFrame Addr=0x000001d4695b9f98, Size=4
[2019.01.25-21.48.54:139][379]LogPlayLevel: PlayLevel: Blueprint regeneration took 368 ms (1 blueprints)
[2019.01.25-21.48.54:139][379]BlueprintLog: Blueprint FirstPersonCharacter failed to compile
[2019.01.25-21.49.03:722][379]LogSlate: Window 'Message' being destroyed
[2019.01.25-21.49.03:728][379]PIE: New page: PIE session: FirstPersonExampleMap (26/01/2019 11:49:03 pm)
[2019.01.25-21.49.03:728][379]LogPlayLevel: Creating play world package: /Game/FirstPersonBP/Maps/UEDPIE_0_FirstPersonExampleMap
[2019.01.25-21.49.03:752][379]LogPlayLevel: PIE: StaticDuplicateObject took: (0.023970s)
[2019.01.25-21.49.03:753][379]LogAIModule: Creating AISystem for world FirstPersonExampleMap
[2019.01.25-21.49.03:753][379]LogPlayLevel: PIE: World Init took: (0.000846s)
[2019.01.25-21.49.03:753][379]LogPlayLevel: PIE: Created PIE world by copying editor world from /Game/FirstPersonBP/Maps/FirstPersonExampleMap.FirstPersonExampleMap to /Game/FirstPersonBP/Maps/UEDPIE_0_FirstPersonExampleMap.FirstPersonExampleMap (0.025002s)
[2019.01.25-21.49.03:781][379]LogInit: XAudio2 using 'Digital Audio (S/PDIF) (High Definition Audio Device)' : 2 channels at 48 kHz using 16 bits per sample (channel mask 0x3)
[2019.01.25-21.49.03:793][379]LogInit: FAudioDevice initialized.
[2019.01.25-21.49.03:845][379]LogLoad: Game class is 'FirstPersonGameMode_C'
[2019.01.25-21.49.03:848][379]LogWorld: Bringing World /Game/FirstPersonBP/Maps/UEDPIE_0_FirstPersonExampleMap.FirstPersonExampleMap up for play (max tick rate 0) at 2019.01.26-10.49.03
[2019.01.25-21.49.03:849][379]LogWorld: Bringing up level for play took: 0.002187
[2019.01.25-21.49.03:852][379]LogContentBrowser: Native class hierarchy updated for 'MovieSceneCapture' in 0.0002 seconds. Added 11 classes and 0 folders.
[2019.01.25-21.49.03:852][379]PIE: Play in editor start time for /Game/FirstPersonBP/Maps/UEDPIE_0_FirstPersonExampleMap 10.31
[2019.01.25-21.49.03:852][379]LogBlueprintUserMessages: Late PlayInEditor Detection: Level '/Game/FirstPersonBP/Maps/FirstPersonExampleMap.FirstPersonExampleMap:PersistentLevel' has LevelScriptBlueprint '/Game/FirstPersonBP/Maps/FirstPersonExampleMap.FirstPersonExampleMap:PersistentLevel.FirstPersonExampleMap' with GeneratedClass '/Game/FirstPersonBP/Maps/FirstPersonExampleMap.FirstPersonExampleMap_C' with ClassGeneratedBy '/Game/FirstPersonBP/Maps/FirstPersonExampleMap.FirstPersonExampleMap:PersistentLevel.FirstPersonExampleMap'
[2019.01.25-21.49.03:899][380]LogCharacterMovement: Warning: GetSimulationTimeStep() - Max iterations 8 hit while remaining time 0.062652 > MaxSimulationTimeStep (0.050) for 'FirstPersonCharacter_C_1', movement 'Walking'
[2019.01.25-21.49.09:183][  0]LogBlueprintUserMessages: Early EndPlayMap Detection: Level '/Game/FirstPersonBP/Maps/FirstPersonExampleMap.FirstPersonExampleMap:PersistentLevel' has LevelScriptBlueprint '/Game/FirstPersonBP/Maps/FirstPersonExampleMap.FirstPersonExampleMap:PersistentLevel.FirstPersonExampleMap' with GeneratedClass '/Game/FirstPersonBP/Maps/FirstPersonExampleMap.FirstPersonExampleMap_C' with ClassGeneratedBy '/Game/FirstPersonBP/Maps/FirstPersonExampleMap.FirstPersonExampleMap:PersistentLevel.FirstPersonExampleMap'
[2019.01.25-21.49.09:218][  0]LogBlueprintUserMessages: Late EndPlayMap Detection: Level '/Game/FirstPersonBP/Maps/FirstPersonExampleMap.FirstPersonExampleMap:PersistentLevel' has LevelScriptBlueprint '/Game/FirstPersonBP/Maps/FirstPersonExampleMap.FirstPersonExampleMap:PersistentLevel.FirstPersonExampleMap' with GeneratedClass '/Game/FirstPersonBP/Maps/FirstPersonExampleMap.FirstPersonExampleMap_C' with ClassGeneratedBy '/Game/FirstPersonBP/Maps/FirstPersonExampleMap.FirstPersonExampleMap:PersistentLevel.FirstPersonExampleMap'
[2019.01.25-21.49.12:789][307]LogSlate: FSceneViewport::OnFocusLost() reason 2
[2019.01.25-21.49.16:127][705]BlueprintLog: New page: Compile FirstPersonCharacter
[2019.01.25-21.49.16:143][705]LogUObjectGlobals: Destroyed PersistentFrame Addr=0x000001d471b50100, Size=168
[2019.01.25-21.49.16:143][705]LogUObjectGlobals: Created PersistentFrame Addr=0x000001d45ebe6a40, Size=168, FirstPersonCharacter_C_78 Function /Engine/Transient.REINST_FirstPersonCharacter_C_40:ExecuteUbergraph_FirstPersonCharacter
[2019.01.25-21.49.16:145][705]LogBlueprint: Error: [Compiler FirstPersonCharacter] This blueprint (self) is not a SceneComponent, therefore ' Target ' must have a connection.
[2019.01.25-21.49.16:146][705]LogBlueprint: Error: [Compiler FirstPersonCharacter] This blueprint (self) is not a SceneComponent, therefore ' Target ' must have a connection.
[2019.01.25-21.49.16:146][705]LogUObjectGlobals: Created PersistentFrame Addr=0x000001d45ebe65c0, Size=168, Default__FirstPersonCharacter_C Function /Game/FirstPersonBP/Blueprints/FirstPersonCharacter.FirstPersonCharacter_C:ExecuteUbergraph_FirstPersonCharacter
[2019.01.25-21.49.16:439][705]LogBlueprint: Warning: [Compiler FirstPersonCharacter] [1197.76] Compile of FirstPersonCharacter failed. 2 Fatal Issue(s) 0 Warning(s) [in 311 ms] (/Game/FirstPersonBP/Blueprints/FirstPersonCharacter.FirstPersonCharacter)
[2019.01.25-21.49.31:578][475]LogUObjectGlobals: Created PersistentFrame Addr=0x000001d4188890d0, Size=4, Default__SKEL_FirstPersonCharacter_C Function /Game/FirstPersonBP/Blueprints/FirstPersonCharacter.SKEL_FirstPersonCharacter_C:ExecuteUbergraph_FirstPersonCharacter
[2019.01.25-21.49.43:478][841]BlueprintLog: New page: Compile FirstPersonCharacter
[2019.01.25-21.49.43:484][841]LogUObjectGlobals: Destroyed PersistentFrame Addr=0x000001d4188890d0, Size=4
[2019.01.25-21.49.43:484][841]LogUObjectGlobals: Created PersistentFrame Addr=0x000001d4188890d0, Size=4, Default__SKEL_FirstPersonCharacter_C Function /Engine/Transient.REINST_SKEL_FirstPersonCharacter_C_44:ExecuteUbergraph_FirstPersonCharacter
[2019.01.25-21.49.43:490][841]LogUObjectGlobals: Destroyed PersistentFrame Addr=0x000001d45ebe65c0, Size=168
[2019.01.25-21.49.43:490][841]LogUObjectGlobals: Created PersistentFrame Addr=0x000001d446ebf100, Size=168, FirstPersonCharacter_C_80 Function /Engine/Transient.REINST_FirstPersonCharacter_C_46:ExecuteUbergraph_FirstPersonCharacter
[2019.01.25-21.49.43:492][841]LogBlueprint: Error: [Compiler FirstPersonCharacter] This blueprint (self) is not a SceneComponent, therefore ' Target ' must have a connection.
[2019.01.25-21.49.43:493][841]LogUObjectGlobals: Created PersistentFrame Addr=0x000001d4647c5bc0, Size=132, Default__FirstPersonCharacter_C Function /Game/FirstPersonBP/Blueprints/FirstPersonCharacter.FirstPersonCharacter_C:ExecuteUbergraph_FirstPersonCharacter
[2019.01.25-21.49.43:731][841]LogUObjectGlobals: Destroyed PersistentFrame Addr=0x000001d4188890d0, Size=4
[2019.01.25-21.49.43:741][841]LogBlueprint: Warning: [Compiler FirstPersonCharacter] [1225.06] Compile of FirstPersonCharacter failed. 1 Fatal Issue(s) 0 Warning(s) [in 263 ms] (/Game/FirstPersonBP/Blueprints/FirstPersonCharacter.FirstPersonCharacter)
[2019.01.25-21.49.59:667][709]LogUObjectGlobals: Destroyed PersistentFrame Addr=0x000001d446ebf100, Size=168
[2019.01.25-21.50.23:519][530]LogSelectionDetails: Warning: NavigateToFunctionSource:  Unable to find symbols for 'USceneComponent::K2_AttachToComponent' [The specified module could not be found.]
[2019.01.25-21.50.29:852][275]BlueprintLog: New page: Compile FirstPersonCharacter
[2019.01.25-21.50.29:863][275]LogUObjectGlobals: Destroyed PersistentFrame Addr=0x000001d4647c5bc0, Size=132
[2019.01.25-21.50.29:863][275]LogUObjectGlobals: Created PersistentFrame Addr=0x000001d461639440, Size=132, FirstPersonCharacter_C_82 Function /Engine/Transient.REINST_FirstPersonCharacter_C_50:ExecuteUbergraph_FirstPersonCharacter
[2019.01.25-21.50.29:866][275]LogUObjectGlobals: Created PersistentFrame Addr=0x000001d463d7f2e0, Size=132, Default__FirstPersonCharacter_C Function /Game/FirstPersonBP/Blueprints/FirstPersonCharacter.FirstPersonCharacter_C:ExecuteUbergraph_FirstPersonCharacter
[2019.01.25-21.50.36:105][969]LogTemp: Repeating last play command: Selected Viewport
[2019.01.25-21.50.36:121][969]LogBlueprintUserMessages: Early PlayInEditor Detection: Level '/Game/FirstPersonBP/Maps/FirstPersonExampleMap.FirstPersonExampleMap:PersistentLevel' has LevelScriptBlueprint '/Game/FirstPersonBP/Maps/FirstPersonExampleMap.FirstPersonExampleMap:PersistentLevel.FirstPersonExampleMap' with GeneratedClass '/Game/FirstPersonBP/Maps/FirstPersonExampleMap.FirstPersonExampleMap_C' with ClassGeneratedBy '/Game/FirstPersonBP/Maps/FirstPersonExampleMap.FirstPersonExampleMap:PersistentLevel.FirstPersonExampleMap'
[2019.01.25-21.50.36:121][969]LogPlayLevel: PlayLevel: No blueprints needed recompiling
[2019.01.25-21.50.36:121][969]PIE: New page: PIE session: FirstPersonExampleMap (26/01/2019 11:50:36 pm)
[2019.01.25-21.50.36:121][969]LogPlayLevel: Creating play world package: /Game/FirstPersonBP/Maps/UEDPIE_0_FirstPersonExampleMap
[2019.01.25-21.50.36:139][969]LogPlayLevel: PIE: StaticDuplicateObject took: (0.017541s)
[2019.01.25-21.50.36:139][969]LogAIModule: Creating AISystem for world FirstPersonExampleMap
[2019.01.25-21.50.36:140][969]LogPlayLevel: PIE: World Init took: (0.000750s)
[2019.01.25-21.50.36:140][969]LogPlayLevel: PIE: Created PIE world by copying editor world from /Game/FirstPersonBP/Maps/FirstPersonExampleMap.FirstPersonExampleMap to /Game/FirstPersonBP/Maps/UEDPIE_0_FirstPersonExampleMap.FirstPersonExampleMap (0.018476s)
[2019.01.25-21.50.36:175][969]LogUObjectGlobals: Destroyed PersistentFrame Addr=0x000001d461639440, Size=132
[2019.01.25-21.50.36:181][969]LogInit: XAudio2 using 'Digital Audio (S/PDIF) (High Definition Audio Device)' : 2 channels at 48 kHz using 16 bits per sample (channel mask 0x3)
[2019.01.25-21.50.36:189][969]LogInit: FAudioDevice initialized.
[2019.01.25-21.50.36:221][969]LogLoad: Game class is 'FirstPersonGameMode_C'
[2019.01.25-21.50.36:224][969]LogWorld: Bringing World /Game/FirstPersonBP/Maps/UEDPIE_0_FirstPersonExampleMap.FirstPersonExampleMap up for play (max tick rate 0) at 2019.01.26-10.50.36
[2019.01.25-21.50.36:225][969]LogWorld: Bringing up level for play took: 0.002375
[2019.01.25-21.50.36:225][969]PIE: Play in editor start time for /Game/FirstPersonBP/Maps/UEDPIE_0_FirstPersonExampleMap 0.683
[2019.01.25-21.50.36:225][969]LogBlueprintUserMessages: Late PlayInEditor Detection: Level '/Game/FirstPersonBP/Maps/FirstPersonExampleMap.FirstPersonExampleMap:PersistentLevel' has LevelScriptBlueprint '/Game/FirstPersonBP/Maps/FirstPersonExampleMap.FirstPersonExampleMap:PersistentLevel.FirstPersonExampleMap' with GeneratedClass '/Game/FirstPersonBP/Maps/FirstPersonExampleMap.FirstPersonExampleMap_C' with ClassGeneratedBy '/Game/FirstPersonBP/Maps/FirstPersonExampleMap.FirstPersonExampleMap:PersistentLevel.FirstPersonExampleMap'
[2019.01.25-21.50.38:941][290]LogBlueprintUserMessages: Early EndPlayMap Detection: Level '/Game/FirstPersonBP/Maps/FirstPersonExampleMap.FirstPersonExampleMap:PersistentLevel' has LevelScriptBlueprint '/Game/FirstPersonBP/Maps/FirstPersonExampleMap.FirstPersonExampleMap:PersistentLevel.FirstPersonExampleMap' with GeneratedClass '/Game/FirstPersonBP/Maps/FirstPersonExampleMap.FirstPersonExampleMap_C' with ClassGeneratedBy '/Game/FirstPersonBP/Maps/FirstPersonExampleMap.FirstPersonExampleMap:PersistentLevel.FirstPersonExampleMap'
[2019.01.25-21.50.38:974][290]LogBlueprintUserMessages: Late EndPlayMap Detection: Level '/Game/FirstPersonBP/Maps/FirstPersonExampleMap.FirstPersonExampleMap:PersistentLevel' has LevelScriptBlueprint '/Game/FirstPersonBP/Maps/FirstPersonExampleMap.FirstPersonExampleMap:PersistentLevel.FirstPersonExampleMap' with GeneratedClass '/Game/FirstPersonBP/Maps/FirstPersonExampleMap.FirstPersonExampleMap_C' with ClassGeneratedBy '/Game/FirstPersonBP/Maps/FirstPersonExampleMap.FirstPersonExampleMap:PersistentLevel.FirstPersonExampleMap'
[2019.01.25-21.50.41:184][510]LogSlate: FSceneViewport::OnFocusLost() reason 0
[2019.01.25-21.50.42:125][623]LogTemp: Repeating last play command: Selected Viewport
[2019.01.25-21.50.42:136][623]LogBlueprintUserMessages: Early PlayInEditor Detection: Level '/Game/FirstPersonBP/Maps/FirstPersonExampleMap.FirstPersonExampleMap:PersistentLevel' has LevelScriptBlueprint '/Game/FirstPersonBP/Maps/FirstPersonExampleMap.FirstPersonExampleMap:PersistentLevel.FirstPersonExampleMap' with GeneratedClass '/Game/FirstPersonBP/Maps/FirstPersonExampleMap.FirstPersonExampleMap_C' with ClassGeneratedBy '/Game/FirstPersonBP/Maps/FirstPersonExampleMap.FirstPersonExampleMap:PersistentLevel.FirstPersonExampleMap'
[2019.01.25-21.50.42:136][623]LogPlayLevel: PlayLevel: No blueprints needed recompiling
[2019.01.25-21.50.42:136][623]PIE: New page: PIE session: FirstPersonExampleMap (26/01/2019 11:50:42 pm)
[2019.01.25-21.50.42:136][623]LogPlayLevel: Creating play world package: /Game/FirstPersonBP/Maps/UEDPIE_0_FirstPersonExampleMap
[2019.01.25-21.50.42:153][623]LogPlayLevel: PIE: StaticDuplicateObject took: (0.017373s)
[2019.01.25-21.50.42:154][623]LogAIModule: Creating AISystem for world FirstPersonExampleMap
[2019.01.25-21.50.42:154][623]LogPlayLevel: PIE: World Init took: (0.000577s)
[2019.01.25-21.50.42:154][623]LogPlayLevel: PIE: Created PIE world by copying editor world from /Game/FirstPersonBP/Maps/FirstPersonExampleMap.FirstPersonExampleMap to /Game/FirstPersonBP/Maps/UEDPIE_0_FirstPersonExampleMap.FirstPersonExampleMap (0.018081s)
[2019.01.25-21.50.42:176][623]LogInit: XAudio2 using 'Digital Audio (S/PDIF) (High Definition Audio Device)' : 2 channels at 48 kHz using 16 bits per sample (channel mask 0x3)
[2019.01.25-21.50.42:184][623]LogInit: FAudioDevice initialized.
[2019.01.25-21.50.42:218][623]LogLoad: Game class is 'FirstPersonGameMode_C'
[2019.01.25-21.50.42:221][623]LogWorld: Bringing World /Game/FirstPersonBP/Maps/UEDPIE_0_FirstPersonExampleMap.FirstPersonExampleMap up for play (max tick rate 0) at 2019.01.26-10.50.42
[2019.01.25-21.50.42:221][623]LogWorld: Bringing up level for play took: 0.002495
[2019.01.25-21.50.42:222][623]PIE: Play in editor start time for /Game/FirstPersonBP/Maps/UEDPIE_0_FirstPersonExampleMap 0.68
[2019.01.25-21.50.42:222][623]LogBlueprintUserMessages: Late PlayInEditor Detection: Level '/Game/FirstPersonBP/Maps/FirstPersonExampleMap.FirstPersonExampleMap:PersistentLevel' has LevelScriptBlueprint '/Game/FirstPersonBP/Maps/FirstPersonExampleMap.FirstPersonExampleMap:PersistentLevel.FirstPersonExampleMap' with GeneratedClass '/Game/FirstPersonBP/Maps/FirstPersonExampleMap.FirstPersonExampleMap_C' with ClassGeneratedBy '/Game/FirstPersonBP/Maps/FirstPersonExampleMap.FirstPersonExampleMap:PersistentLevel.FirstPersonExampleMap'
[2019.01.25-21.50.52:607][867]LogBlueprintUserMessages: Early EndPlayMap Detection: Level '/Game/FirstPersonBP/Maps/FirstPersonExampleMap.FirstPersonExampleMap:PersistentLevel' has LevelScriptBlueprint '/Game/FirstPersonBP/Maps/FirstPersonExampleMap.FirstPersonExampleMap:PersistentLevel.FirstPersonExampleMap' with GeneratedClass '/Game/FirstPersonBP/Maps/FirstPersonExampleMap.FirstPersonExampleMap_C' with ClassGeneratedBy '/Game/FirstPersonBP/Maps/FirstPersonExampleMap.FirstPersonExampleMap:PersistentLevel.FirstPersonExampleMap'
[2019.01.25-21.50.52:639][867]LogBlueprintUserMessages: Late EndPlayMap Detection: Level '/Game/FirstPersonBP/Maps/FirstPersonExampleMap.FirstPersonExampleMap:PersistentLevel' has LevelScriptBlueprint '/Game/FirstPersonBP/Maps/FirstPersonExampleMap.FirstPersonExampleMap:PersistentLevel.FirstPersonExampleMap' with GeneratedClass '/Game/FirstPersonBP/Maps/FirstPersonExampleMap.FirstPersonExampleMap_C' with ClassGeneratedBy '/Game/FirstPersonBP/Maps/FirstPersonExampleMap.FirstPersonExampleMap:PersistentLevel.FirstPersonExampleMap'
[2019.01.25-21.50.53:366][950]Cmd: SELECT NONE
[2019.01.25-21.50.58:627][580]LogSlate: FSceneViewport::OnFocusLost() reason 2
[2019.01.25-21.50.58:844][580]LogSavePackage: Save=186.74ms
[2019.01.25-21.50.58:844][580]LogSavePackage: Moving '../../../../../GitHub/SuperNormal/Greybox/SuperNormal/Saved/FirstPersonExampleMap8C711EE64D55C2A27D1FB788329BBFB7.tmp' to '../../../../../GitHub/SuperNormal/Greybox/SuperNormal/Content/FirstPersonBP/Maps/FirstPersonExampleMap.umap'
[2019.01.25-21.50.58:847][580]LogSavePackage: Display: Finished SavePackage ../../../../../GitHub/SuperNormal/Greybox/SuperNormal/Content/FirstPersonBP/Maps/FirstPersonExampleMap.umap
[2019.01.25-21.51.00:763][794]LogUObjectGlobals: Destroyed PersistentFrame Addr=0x000001d4646bdf00, Size=688
[2019.01.25-21.51.00:763][794]LogUObjectGlobals: Destroyed PersistentFrame Addr=0x000001d4602f8470, Size=4
[2019.01.25-21.51.00:763][794]LogUObjectGlobals: Destroyed PersistentFrame Addr=0x000001d4695b9468, Size=4
[2019.01.25-21.51.00:763][794]LogUObjectGlobals: Destroyed PersistentFrame Addr=0x000001d4602f8748, Size=4
[2019.01.25-21.51.28:806][649]LogTemp: Repeating last play command: Selected Viewport
[2019.01.25-21.51.28:818][649]LogBlueprintUserMessages: Early PlayInEditor Detection: Level '/Game/FirstPersonBP/Maps/FirstPersonExampleMap.FirstPersonExampleMap:PersistentLevel' has LevelScriptBlueprint '/Game/FirstPersonBP/Maps/FirstPersonExampleMap.FirstPersonExampleMap:PersistentLevel.FirstPersonExampleMap' with GeneratedClass '/Game/FirstPersonBP/Maps/FirstPersonExampleMap.FirstPersonExampleMap_C' with ClassGeneratedBy '/Game/FirstPersonBP/Maps/FirstPersonExampleMap.FirstPersonExampleMap:PersistentLevel.FirstPersonExampleMap'
[2019.01.25-21.51.28:818][649]LogPlayLevel: PlayLevel: No blueprints needed recompiling
[2019.01.25-21.51.28:818][649]PIE: New page: PIE session: FirstPersonExampleMap (26/01/2019 11:51:28 pm)
[2019.01.25-21.51.28:818][649]LogPlayLevel: Creating play world package: /Game/FirstPersonBP/Maps/UEDPIE_0_FirstPersonExampleMap
[2019.01.25-21.51.28:834][649]LogPlayLevel: PIE: StaticDuplicateObject took: (0.015999s)
[2019.01.25-21.51.28:835][649]LogAIModule: Creating AISystem for world FirstPersonExampleMap
[2019.01.25-21.51.28:835][649]LogPlayLevel: PIE: World Init took: (0.000555s)
[2019.01.25-21.51.28:835][649]LogPlayLevel: PIE: Created PIE world by copying editor world from /Game/FirstPersonBP/Maps/FirstPersonExampleMap.FirstPersonExampleMap to /Game/FirstPersonBP/Maps/UEDPIE_0_FirstPersonExampleMap.FirstPersonExampleMap (0.016679s)
[2019.01.25-21.51.28:858][649]LogInit: XAudio2 using 'Digital Audio (S/PDIF) (High Definition Audio Device)' : 2 channels at 48 kHz using 16 bits per sample (channel mask 0x3)
[2019.01.25-21.51.28:865][649]LogInit: FAudioDevice initialized.
[2019.01.25-21.51.28:896][649]LogLoad: Game class is 'FirstPersonGameMode_C'
[2019.01.25-21.51.28:899][649]LogWorld: Bringing World /Game/FirstPersonBP/Maps/UEDPIE_0_FirstPersonExampleMap.FirstPersonExampleMap up for play (max tick rate 0) at 2019.01.26-10.51.28
[2019.01.25-21.51.28:900][649]LogWorld: Bringing up level for play took: 0.002463
[2019.01.25-21.51.28:900][649]PIE: Play in editor start time for /Game/FirstPersonBP/Maps/UEDPIE_0_FirstPersonExampleMap -0.641
[2019.01.25-21.51.28:900][649]LogBlueprintUserMessages: Late PlayInEditor Detection: Level '/Game/FirstPersonBP/Maps/FirstPersonExampleMap.FirstPersonExampleMap:PersistentLevel' has LevelScriptBlueprint '/Game/FirstPersonBP/Maps/FirstPersonExampleMap.FirstPersonExampleMap:PersistentLevel.FirstPersonExampleMap' with GeneratedClass '/Game/FirstPersonBP/Maps/FirstPersonExampleMap.FirstPersonExampleMap_C' with ClassGeneratedBy '/Game/FirstPersonBP/Maps/FirstPersonExampleMap.FirstPersonExampleMap:PersistentLevel.FirstPersonExampleMap'
[2019.01.25-21.51.37:045][624]LogBlueprintUserMessages: Early EndPlayMap Detection: Level '/Game/FirstPersonBP/Maps/FirstPersonExampleMap.FirstPersonExampleMap:PersistentLevel' has LevelScriptBlueprint '/Game/FirstPersonBP/Maps/FirstPersonExampleMap.FirstPersonExampleMap:PersistentLevel.FirstPersonExampleMap' with GeneratedClass '/Game/FirstPersonBP/Maps/FirstPersonExampleMap.FirstPersonExampleMap_C' with ClassGeneratedBy '/Game/FirstPersonBP/Maps/FirstPersonExampleMap.FirstPersonExampleMap:PersistentLevel.FirstPersonExampleMap'
[2019.01.25-21.51.37:077][624]LogBlueprintUserMessages: Late EndPlayMap Detection: Level '/Game/FirstPersonBP/Maps/FirstPersonExampleMap.FirstPersonExampleMap:PersistentLevel' has LevelScriptBlueprint '/Game/FirstPersonBP/Maps/FirstPersonExampleMap.FirstPersonExampleMap:PersistentLevel.FirstPersonExampleMap' with GeneratedClass '/Game/FirstPersonBP/Maps/FirstPersonExampleMap.FirstPersonExampleMap_C' with ClassGeneratedBy '/Game/FirstPersonBP/Maps/FirstPersonExampleMap.FirstPersonExampleMap:PersistentLevel.FirstPersonExampleMap'
